<?xml version="1.0" encoding="UTF-8"?>
<testsuites>
  <testsuite name="" tests="216" assertions="750" failures="0" errors="0" time="8.762692">
    <testsuite name="Icecave\Archer\Configuration\ComposerConfigurationReaderTest" file="/home/travis/build/IcecaveStudios/archer/test/suite/Icecave/Archer/Configuration/ComposerConfigurationReaderTest.php" namespace="Icecave\Archer\Configuration" fullPackage="Icecave.Archer.Configuration" tests="4" assertions="6" failures="0" errors="0" time="0.066226">
      <testcase name="testConstructor" class="Icecave\Archer\Configuration\ComposerConfigurationReaderTest" file="/home/travis/build/IcecaveStudios/archer/test/suite/Icecave/Archer/Configuration/ComposerConfigurationReaderTest.php" line="18" assertions="1" time="0.018872"/>
      <testcase name="testConstructorDefaults" class="Icecave\Archer\Configuration\ComposerConfigurationReaderTest" file="/home/travis/build/IcecaveStudios/archer/test/suite/Icecave/Archer/Configuration/ComposerConfigurationReaderTest.php" line="23" assertions="1" time="0.007564"/>
      <testcase name="testRead" class="Icecave\Archer\Configuration\ComposerConfigurationReaderTest" file="/home/travis/build/IcecaveStudios/archer/test/suite/Icecave/Archer/Configuration/ComposerConfigurationReaderTest.php" line="33" assertions="2" time="0.028905"/>
      <testcase name="testReadFailureJson" class="Icecave\Archer\Configuration\ComposerConfigurationReaderTest" file="/home/travis/build/IcecaveStudios/archer/test/suite/Icecave/Archer/Configuration/ComposerConfigurationReaderTest.php" line="47" assertions="2" time="0.010885"/>
    </testsuite>
    <testsuite name="Icecave\Archer\Configuration\ConfigurationFileFinderTest" file="/home/travis/build/IcecaveStudios/archer/test/suite/Icecave/Archer/Configuration/ConfigurationFileFinderTest.php" namespace="Icecave\Archer\Configuration" fullPackage="Icecave.Archer.Configuration" tests="5" assertions="11" failures="0" errors="0" time="0.050652">
      <testcase name="testConstructor" class="Icecave\Archer\Configuration\ConfigurationFileFinderTest" file="/home/travis/build/IcecaveStudios/archer/test/suite/Icecave/Archer/Configuration/ConfigurationFileFinderTest.php" line="17" assertions="1" time="0.005973"/>
      <testcase name="testConstructorDefaults" class="Icecave\Archer\Configuration\ConfigurationFileFinderTest" file="/home/travis/build/IcecaveStudios/archer/test/suite/Icecave/Archer/Configuration/ConfigurationFileFinderTest.php" line="22" assertions="1" time="0.005316"/>
      <testcase name="testFindFirst" class="Icecave\Archer\Configuration\ConfigurationFileFinderTest" file="/home/travis/build/IcecaveStudios/archer/test/suite/Icecave/Archer/Configuration/ConfigurationFileFinderTest.php" line="32" assertions="3" time="0.011822"/>
      <testcase name="testFindLast" class="Icecave\Archer\Configuration\ConfigurationFileFinderTest" file="/home/travis/build/IcecaveStudios/archer/test/suite/Icecave/Archer/Configuration/ConfigurationFileFinderTest.php" line="48" assertions="3" time="0.013932"/>
      <testcase name="testFindDefault" class="Icecave\Archer\Configuration\ConfigurationFileFinderTest" file="/home/travis/build/IcecaveStudios/archer/test/suite/Icecave/Archer/Configuration/ConfigurationFileFinderTest.php" line="67" assertions="3" time="0.013609"/>
    </testsuite>
    <testsuite name="Icecave\Archer\Configuration\PHPConfigurationReaderTest" file="/home/travis/build/IcecaveStudios/archer/test/suite/Icecave/Archer/Configuration/PHPConfigurationReaderTest.php" namespace="Icecave\Archer\Configuration" fullPackage="Icecave.Archer.Configuration" tests="5" assertions="16" failures="0" errors="0" time="0.082391">
      <testcase name="testConstructor" class="Icecave\Archer\Configuration\PHPConfigurationReaderTest" file="/home/travis/build/IcecaveStudios/archer/test/suite/Icecave/Archer/Configuration/PHPConfigurationReaderTest.php" line="21" assertions="1" time="0.011084"/>
      <testcase name="testConstructorDefaults" class="Icecave\Archer\Configuration\PHPConfigurationReaderTest" file="/home/travis/build/IcecaveStudios/archer/test/suite/Icecave/Archer/Configuration/PHPConfigurationReaderTest.php" line="26" assertions="1" time="0.006281"/>
      <testcase name="testReadSingle" class="Icecave\Archer\Configuration\PHPConfigurationReaderTest" file="/home/travis/build/IcecaveStudios/archer/test/suite/Icecave/Archer/Configuration/PHPConfigurationReaderTest.php" line="36" assertions="5" time="0.022515"/>
      <testcase name="testReadMultiple" class="Icecave\Archer\Configuration\PHPConfigurationReaderTest" file="/home/travis/build/IcecaveStudios/archer/test/suite/Icecave/Archer/Configuration/PHPConfigurationReaderTest.php" line="60" assertions="5" time="0.025324"/>
      <testcase name="testReadNone" class="Icecave\Archer\Configuration\PHPConfigurationReaderTest" file="/home/travis/build/IcecaveStudios/archer/test/suite/Icecave/Archer/Configuration/PHPConfigurationReaderTest.php" line="83" assertions="4" time="0.017187"/>
    </testsuite>
    <testsuite name="Icecave\Archer\Console\ApplicationTest" file="/home/travis/build/IcecaveStudios/archer/test/suite/Icecave/Archer/Console/ApplicationTest.php" namespace="Icecave\Archer\Console" fullPackage="Icecave.Archer.Console" tests="8" assertions="15" failures="0" errors="0" time="0.830245">
      <testcase name="testConstructor" class="Icecave\Archer\Console\ApplicationTest" file="/home/travis/build/IcecaveStudios/archer/test/suite/Icecave/Archer/Console/ApplicationTest.php" line="29" assertions="4" time="0.141477"/>
      <testcase name="testConstructorDefaults" class="Icecave\Archer\Console\ApplicationTest" file="/home/travis/build/IcecaveStudios/archer/test/suite/Icecave/Archer/Console/ApplicationTest.php" line="38" assertions="1" time="0.093990"/>
      <testcase name="testEnabledCommands" class="Icecave\Archer\Console\ApplicationTest" file="/home/travis/build/IcecaveStudios/archer/test/suite/Icecave/Archer/Console/ApplicationTest.php" line="50" assertions="1" time="0.063047"/>
      <testcase name="testEnabledCommandsArcher" class="Icecave\Archer\Console\ApplicationTest" file="/home/travis/build/IcecaveStudios/archer/test/suite/Icecave/Archer/Console/ApplicationTest.php" line="64" assertions="3" time="0.104978"/>
      <testcase name="testEnabledCommandsTravis" class="Icecave\Archer\Console\ApplicationTest" file="/home/travis/build/IcecaveStudios/archer/test/suite/Icecave/Archer/Console/ApplicationTest.php" line="94" assertions="1" time="0.095708"/>
      <testcase name="testDoRun" class="Icecave\Archer\Console\ApplicationTest" file="/home/travis/build/IcecaveStudios/archer/test/suite/Icecave/Archer/Console/ApplicationTest.php" line="114" assertions="3" time="0.207768"/>
      <testcase name="testRawArguments" class="Icecave\Archer\Console\ApplicationTest" file="/home/travis/build/IcecaveStudios/archer/test/suite/Icecave/Archer/Console/ApplicationTest.php" line="143" assertions="1" time="0.057828"/>
      <testcase name="testDefaultCommandName" class="Icecave\Archer\Console\ApplicationTest" file="/home/travis/build/IcecaveStudios/archer/test/suite/Icecave/Archer/Console/ApplicationTest.php" line="155" assertions="1" time="0.065449"/>
    </testsuite>
    <testsuite name="Icecave\Archer\Console\Command\AbstractPHPUnitCommandTest" file="/home/travis/build/IcecaveStudios/archer/test/suite/Icecave/Archer/Console/Command/AbstractPHPUnitCommandTest.php" namespace="Icecave\Archer\Console\Command" fullPackage="Icecave.Archer.Console.Command" tests="4" assertions="19" failures="0" errors="0" time="0.202509">
      <testcase name="testConstructor" class="Icecave\Archer\Console\Command\AbstractPHPUnitCommandTest" file="/home/travis/build/IcecaveStudios/archer/test/suite/Icecave/Archer/Console/Command/AbstractPHPUnitCommandTest.php" line="67" assertions="7" time="0.096689"/>
      <testcase name="testConstructorDefaults" class="Icecave\Archer\Console\Command\AbstractPHPUnitCommandTest" file="/home/travis/build/IcecaveStudios/archer/test/suite/Icecave/Archer/Console/Command/AbstractPHPUnitCommandTest.php" line="79" assertions="6" time="0.033530"/>
      <testcase name="testGetHelp" class="Icecave\Archer\Console\Command\AbstractPHPUnitCommandTest" file="/home/travis/build/IcecaveStudios/archer/test/suite/Icecave/Archer/Console/Command/AbstractPHPUnitCommandTest.php" line="118" assertions="5" time="0.044416"/>
      <testcase name="testGenerateArgumentsFiltering" class="Icecave\Archer\Console\Command\AbstractPHPUnitCommandTest" file="/home/travis/build/IcecaveStudios/archer/test/suite/Icecave/Archer/Console/Command/AbstractPHPUnitCommandTest.php" line="147" assertions="1" time="0.027874"/>
    </testsuite>
    <testsuite name="Icecave\Archer\Console\Command\CoverageCommandTest" file="/home/travis/build/IcecaveStudios/archer/test/suite/Icecave/Archer/Console/Command/CoverageCommandTest.php" namespace="Icecave\Archer\Console\Command" fullPackage="Icecave.Archer.Console.Command" tests="6" assertions="47" failures="0" errors="0" time="0.484657">
      <testcase name="testConstructor" class="Icecave\Archer\Console\Command\CoverageCommandTest" file="/home/travis/build/IcecaveStudios/archer/test/suite/Icecave/Archer/Console/Command/CoverageCommandTest.php" line="150" assertions="8" time="0.098916"/>
      <testcase name="testConstructorDefaults" class="Icecave\Archer\Console\Command\CoverageCommandTest" file="/home/travis/build/IcecaveStudios/archer/test/suite/Icecave/Archer/Console/Command/CoverageCommandTest.php" line="163" assertions="7" time="0.043816"/>
      <testcase name="testConfigure" class="Icecave\Archer\Console\Command\CoverageCommandTest" file="/home/travis/build/IcecaveStudios/archer/test/suite/Icecave/Archer/Console/Command/CoverageCommandTest.php" line="206" assertions="3" time="0.071194"/>
      <testcase name="testExecute" class="Icecave\Archer\Console\Command\CoverageCommandTest" file="/home/travis/build/IcecaveStudios/archer/test/suite/Icecave/Archer/Console/Command/CoverageCommandTest.php" line="236" assertions="14" time="0.107472"/>
      <testcase name="testExecuteWithOpen" class="Icecave\Archer\Console\Command\CoverageCommandTest" file="/home/travis/build/IcecaveStudios/archer/test/suite/Icecave/Archer/Console/Command/CoverageCommandTest.php" line="302" assertions="14" time="0.115227"/>
      <testcase name="testGenerateArgumentsFiltering" class="Icecave\Archer\Console\Command\CoverageCommandTest" file="/home/travis/build/IcecaveStudios/archer/test/suite/Icecave/Archer/Console/Command/CoverageCommandTest.php" line="382" assertions="1" time="0.048032"/>
    </testsuite>
    <testsuite name="Icecave\Archer\Console\Command\DocumentationCommandTest" file="/home/travis/build/IcecaveStudios/archer/test/suite/Icecave/Archer/Console/Command/DocumentationCommandTest.php" namespace="Icecave\Archer\Console\Command" fullPackage="Icecave.Archer.Console.Command" tests="5" assertions="16" failures="0" errors="0" time="0.124505">
      <testcase name="testConstructor" class="Icecave\Archer\Console\Command\DocumentationCommandTest" file="/home/travis/build/IcecaveStudios/archer/test/suite/Icecave/Archer/Console/Command/DocumentationCommandTest.php" line="32" assertions="2" time="0.018825"/>
      <testcase name="testConstructorDefaults" class="Icecave\Archer\Console\Command\DocumentationCommandTest" file="/home/travis/build/IcecaveStudios/archer/test/suite/Icecave/Archer/Console/Command/DocumentationCommandTest.php" line="38" assertions="2" time="0.011405"/>
      <testcase name="testConfigure" class="Icecave\Archer\Console\Command\DocumentationCommandTest" file="/home/travis/build/IcecaveStudios/archer/test/suite/Icecave/Archer/Console/Command/DocumentationCommandTest.php" line="52" assertions="3" time="0.026082"/>
      <testcase name="testExecute" class="Icecave\Archer\Console\Command\DocumentationCommandTest" file="/home/travis/build/IcecaveStudios/archer/test/suite/Icecave/Archer/Console/Command/DocumentationCommandTest.php" line="72" assertions="4" time="0.033753"/>
      <testcase name="testExecuteWithOpen" class="Icecave\Archer\Console\Command\DocumentationCommandTest" file="/home/travis/build/IcecaveStudios/archer/test/suite/Icecave/Archer/Console/Command/DocumentationCommandTest.php" line="87" assertions="5" time="0.034440"/>
    </testsuite>
    <testsuite name="Icecave\Archer\Console\Command\TestCommandTest" file="/home/travis/build/IcecaveStudios/archer/test/suite/Icecave/Archer/Console/Command/TestCommandTest.php" namespace="Icecave\Archer\Console\Command" fullPackage="Icecave.Archer.Console.Command" tests="2" assertions="16" failures="0" errors="0" time="0.172807">
      <testcase name="testConfigure" class="Icecave\Archer\Console\Command\TestCommandTest" file="/home/travis/build/IcecaveStudios/archer/test/suite/Icecave/Archer/Console/Command/TestCommandTest.php" line="145" assertions="3" time="0.077739"/>
      <testcase name="testExecute" class="Icecave\Archer\Console\Command\TestCommandTest" file="/home/travis/build/IcecaveStudios/archer/test/suite/Icecave/Archer/Console/Command/TestCommandTest.php" line="165" assertions="13" time="0.095068"/>
    </testsuite>
    <testsuite name="Icecave\Archer\Console\Command\Travis\AbstractTravisCommandTest" file="/home/travis/build/IcecaveStudios/archer/test/suite/Icecave/Archer/Console/Command/Travis/AbstractTravisCommandTest.php" namespace="Icecave\Archer\Console\Command\Travis" fullPackage="Icecave.Archer.Console.Command.Travis" tests="1" assertions="2" failures="0" errors="0" time="0.033946">
      <testcase name="testIsEnabled" class="Icecave\Archer\Console\Command\Travis\AbstractTravisCommandTest" file="/home/travis/build/IcecaveStudios/archer/test/suite/Icecave/Archer/Console/Command/Travis/AbstractTravisCommandTest.php" line="18" assertions="2" time="0.033946"/>
    </testsuite>
    <testsuite name="Icecave\Archer\Console\Command\Travis\BuildCommandTest" file="/home/travis/build/IcecaveStudios/archer/test/suite/Icecave/Archer/Console/Command/Travis/BuildCommandTest.php" namespace="Icecave\Archer\Console\Command\Travis" fullPackage="Icecave.Archer.Console.Command.Travis" tests="13" assertions="99" failures="0" errors="0" time="1.557100">
      <testcase name="testConstructor" class="Icecave\Archer\Console\Command\Travis\BuildCommandTest" file="/home/travis/build/IcecaveStudios/archer/test/suite/Icecave/Archer/Console/Command/Travis/BuildCommandTest.php" line="60" assertions="2" time="0.060113"/>
      <testcase name="testConstructorDefaults" class="Icecave\Archer\Console\Command\Travis\BuildCommandTest" file="/home/travis/build/IcecaveStudios/archer/test/suite/Icecave/Archer/Console/Command/Travis/BuildCommandTest.php" line="66" assertions="2" time="0.057685"/>
      <testcase name="testExecute" class="Icecave\Archer\Console\Command\Travis\BuildCommandTest" file="/home/travis/build/IcecaveStudios/archer/test/suite/Icecave/Archer/Console/Command/Travis/BuildCommandTest.php" line="81" assertions="3" time="0.086428"/>
      <testcase name="testExecuteWithPublishVersionButWrongBranch" class="Icecave\Archer\Console\Command\Travis\BuildCommandTest" file="/home/travis/build/IcecaveStudios/archer/test/suite/Icecave/Archer/Console/Command/Travis/BuildCommandTest.php" line="100" assertions="4" time="0.111635"/>
      <testcase name="testExecuteWithPublishVersionButNoToken" class="Icecave\Archer\Console\Command\Travis\BuildCommandTest" file="/home/travis/build/IcecaveStudios/archer/test/suite/Icecave/Archer/Console/Command/Travis/BuildCommandTest.php" line="130" assertions="3" time="0.088857"/>
      <testcase name="testExecuteWithPublish" class="Icecave\Archer\Console\Command\Travis\BuildCommandTest" file="/home/travis/build/IcecaveStudios/archer/test/suite/Icecave/Archer/Console/Command/Travis/BuildCommandTest.php" line="157" assertions="9" time="0.134129"/>
      <testcase name="testExecuteWithPublishErrorCode" class="Icecave\Archer\Console\Command\Travis\BuildCommandTest" file="/home/travis/build/IcecaveStudios/archer/test/suite/Icecave/Archer/Console/Command/Travis/BuildCommandTest.php" line="217" assertions="9" time="0.116544"/>
      <testcase name="testExecuteWithPublishAndCoveralls" class="Icecave\Archer\Console\Command\Travis\BuildCommandTest" file="/home/travis/build/IcecaveStudios/archer/test/suite/Icecave/Archer/Console/Command/Travis/BuildCommandTest.php" line="277" assertions="14" time="0.156161"/>
      <testcase name="testExecuteWithAlwaysPublishFlag" class="Icecave\Archer\Console\Command\Travis\BuildCommandTest" file="/home/travis/build/IcecaveStudios/archer/test/suite/Icecave/Archer/Console/Command/Travis/BuildCommandTest.php" line="349" assertions="13" time="0.156224"/>
      <testcase name="testExecuteWithPublishAndTestFailure" class="Icecave\Archer\Console\Command\Travis\BuildCommandTest" file="/home/travis/build/IcecaveStudios/archer/test/suite/Icecave/Archer/Console/Command/Travis/BuildCommandTest.php" line="423" assertions="9" time="0.112513"/>
      <testcase name="testExecuteWithPublishAndDocumentationFailure" class="Icecave\Archer\Console\Command\Travis\BuildCommandTest" file="/home/travis/build/IcecaveStudios/archer/test/suite/Icecave/Archer/Console/Command/Travis/BuildCommandTest.php" line="483" assertions="9" time="0.144248"/>
      <testcase name="testExecuteWithPublishAndCoverallsPublishFailure" class="Icecave\Archer\Console\Command\Travis\BuildCommandTest" file="/home/travis/build/IcecaveStudios/archer/test/suite/Icecave/Archer/Console/Command/Travis/BuildCommandTest.php" line="543" assertions="13" time="0.211055"/>
      <testcase name="testExecuteWithCoverallsButNoPublish" class="Icecave\Archer\Console\Command\Travis\BuildCommandTest" file="/home/travis/build/IcecaveStudios/archer/test/suite/Icecave/Archer/Console/Command/Travis/BuildCommandTest.php" line="614" assertions="9" time="0.121508"/>
    </testsuite>
    <testsuite name="Icecave\Archer\Console\Command\UpdateCommandTest" file="/home/travis/build/IcecaveStudios/archer/test/suite/Icecave/Archer/Console/Command/UpdateCommandTest.php" namespace="Icecave\Archer\Console\Command" fullPackage="Icecave.Archer.Console.Command" tests="18" assertions="137" failures="0" errors="0" time="2.046408">
      <testcase name="testConstructor" class="Icecave\Archer\Console\Command\UpdateCommandTest" file="/home/travis/build/IcecaveStudios/archer/test/suite/Icecave/Archer/Console/Command/UpdateCommandTest.php" line="98" assertions="5" time="0.096183"/>
      <testcase name="testConstructorDefaults" class="Icecave\Archer\Console\Command\UpdateCommandTest" file="/home/travis/build/IcecaveStudios/archer/test/suite/Icecave/Archer/Console/Command/UpdateCommandTest.php" line="107" assertions="5" time="0.063988"/>
      <testcase name="testExecute" class="Icecave\Archer\Console\Command\UpdateCommandTest" file="/home/travis/build/IcecaveStudios/archer/test/suite/Icecave/Archer/Console/Command/UpdateCommandTest.php" line="133" assertions="10" time="0.105269"/>
      <testcase name="testExecuteWithNonGitHubRepository" class="Icecave\Archer\Console\Command\UpdateCommandTest" file="/home/travis/build/IcecaveStudios/archer/test/suite/Icecave/Archer/Console/Command/UpdateCommandTest.php" line="154" assertions="5" time="0.074505"/>
      <testcase name="testExecuteWithoutArtifactSupport" class="Icecave\Archer\Console\Command\UpdateCommandTest" file="/home/travis/build/IcecaveStudios/archer/test/suite/Icecave/Archer/Console/Command/UpdateCommandTest.php" line="174" assertions="4" time="0.113146"/>
      <testcase name="testExecuteWithAuthorizeExistingToken" class="Icecave\Archer\Console\Command\UpdateCommandTest" file="/home/travis/build/IcecaveStudios/archer/test/suite/Icecave/Archer/Console/Command/UpdateCommandTest.php" line="193" assertions="17" time="0.202945"/>
      <testcase name="testExecuteWithAuthorizeNewToken" class="Icecave\Archer\Console\Command\UpdateCommandTest" file="/home/travis/build/IcecaveStudios/archer/test/suite/Icecave/Archer/Console/Command/UpdateCommandTest.php" line="236" assertions="19" time="0.230898"/>
      <testcase name="testExecuteWithAuthorizeInteractiveCredentials" class="Icecave\Archer\Console\Command\UpdateCommandTest" file="/home/travis/build/IcecaveStudios/archer/test/suite/Icecave/Archer/Console/Command/UpdateCommandTest.php" line="296" assertions="17" time="0.170268"/>
      <testcase name="testExecuteWithAuthorizeFailureMultipleAuthorizations" class="Icecave\Archer\Console\Command\UpdateCommandTest" file="/home/travis/build/IcecaveStudios/archer/test/suite/Icecave/Archer/Console/Command/UpdateCommandTest.php" line="347" assertions="2" time="0.081877"/>
      <testcase name="testExecuteWithAuthorizeFailureIncorrectScope" class="Icecave\Archer\Console\Command\UpdateCommandTest" file="/home/travis/build/IcecaveStudios/archer/test/suite/Icecave/Archer/Console/Command/UpdateCommandTest.php" line="366" assertions="2" time="0.087056"/>
      <testcase name="testExecuteWithAuthorizeFailureParseError" class="Icecave\Archer\Console\Command\UpdateCommandTest" file="/home/travis/build/IcecaveStudios/archer/test/suite/Icecave/Archer/Console/Command/UpdateCommandTest.php" line="382" assertions="2" time="0.081236"/>
      <testcase name="testExecuteWithAuthorizeFailureWoodhouseError" class="Icecave\Archer\Console\Command\UpdateCommandTest" file="/home/travis/build/IcecaveStudios/archer/test/suite/Icecave/Archer/Console/Command/UpdateCommandTest.php" line="398" assertions="2" time="0.085685"/>
      <testcase name="testExecuteWithSuppliedToken" class="Icecave\Archer\Console\Command\UpdateCommandTest" file="/home/travis/build/IcecaveStudios/archer/test/suite/Icecave/Archer/Console/Command/UpdateCommandTest.php" line="414" assertions="15" time="0.182857"/>
      <testcase name="testExecuteWithSuppliedTokenAndExistingKey" class="Icecave\Archer\Console\Command\UpdateCommandTest" file="/home/travis/build/IcecaveStudios/archer/test/suite/Icecave/Archer/Console/Command/UpdateCommandTest.php" line="439" assertions="12" time="0.127618"/>
      <testcase name="testExecuteWithUpdatePublicKey" class="Icecave\Archer\Console\Command\UpdateCommandTest" file="/home/travis/build/IcecaveStudios/archer/test/suite/Icecave/Archer/Console/Command/UpdateCommandTest.php" line="465" assertions="12" time="0.126782"/>
      <testcase name="testExecuteFailureUnsyncedRepo" class="Icecave\Archer\Console\Command\UpdateCommandTest" file="/home/travis/build/IcecaveStudios/archer/test/suite/Icecave/Archer/Console/Command/UpdateCommandTest.php" line="487" assertions="2" time="0.071514"/>
      <testcase name="testExecuteWithInvalidToken" class="Icecave\Archer\Console\Command\UpdateCommandTest" file="/home/travis/build/IcecaveStudios/archer/test/suite/Icecave/Archer/Console/Command/UpdateCommandTest.php" line="502" assertions="3" time="0.072511"/>
      <testcase name="testExecuteWithUpdatePublicKeyAndNoToken" class="Icecave\Archer\Console\Command\UpdateCommandTest" file="/home/travis/build/IcecaveStudios/archer/test/suite/Icecave/Archer/Console/Command/UpdateCommandTest.php" line="516" assertions="3" time="0.072070"/>
    </testsuite>
    <testsuite name="Icecave\Archer\Console\Helper\HiddenInputHelperTest" file="/home/travis/build/IcecaveStudios/archer/test/suite/Icecave/Archer/Console/Helper/HiddenInputHelperTest.php" namespace="Icecave\Archer\Console\Helper" fullPackage="Icecave.Archer.Console.Helper" tests="7" assertions="28" failures="0" errors="0" time="0.177978">
      <testcase name="testConstructor" class="Icecave\Archer\Console\Helper\HiddenInputHelperTest" file="/home/travis/build/IcecaveStudios/archer/test/suite/Icecave/Archer/Console/Helper/HiddenInputHelperTest.php" line="34" assertions="2" time="0.007317"/>
      <testcase name="testConstructorDefaults" class="Icecave\Archer\Console\Helper\HiddenInputHelperTest" file="/home/travis/build/IcecaveStudios/archer/test/suite/Icecave/Archer/Console/Helper/HiddenInputHelperTest.php" line="40" assertions="1" time="0.006960"/>
      <testcase name="testAskHiddenResponseStty" class="Icecave\Archer\Console\Helper\HiddenInputHelperTest" file="/home/travis/build/IcecaveStudios/archer/test/suite/Icecave/Archer/Console/Helper/HiddenInputHelperTest.php" line="52" assertions="8" time="0.046121"/>
      <testcase name="testAskHiddenResponseSttyFailureFgets" class="Icecave\Archer\Console\Helper\HiddenInputHelperTest" file="/home/travis/build/IcecaveStudios/archer/test/suite/Icecave/Archer/Console/Helper/HiddenInputHelperTest.php" line="81" assertions="7" time="0.054893"/>
      <testcase name="testAskHiddenResponseSttyFailureExecute" class="Icecave\Archer\Console\Helper\HiddenInputHelperTest" file="/home/travis/build/IcecaveStudios/archer/test/suite/Icecave/Archer/Console/Helper/HiddenInputHelperTest.php" line="115" assertions="2" time="0.011624"/>
      <testcase name="testAskHiddenResponseWindows" class="Icecave\Archer\Console\Helper\HiddenInputHelperTest" file="/home/travis/build/IcecaveStudios/archer/test/suite/Icecave/Archer/Console/Helper/HiddenInputHelperTest.php" line="133" assertions="6" time="0.036264"/>
      <testcase name="testAskHiddenResponseWindowsFailureExecute" class="Icecave\Archer\Console\Helper\HiddenInputHelperTest" file="/home/travis/build/IcecaveStudios/archer/test/suite/Icecave/Archer/Console/Helper/HiddenInputHelperTest.php" line="155" assertions="2" time="0.014799"/>
    </testsuite>
    <testsuite name="Icecave\Archer\Coveralls\CoverallsClientTest" file="/home/travis/build/IcecaveStudios/archer/test/suite/Icecave/Archer/Coveralls/CoverallsClientTest.php" namespace="Icecave\Archer\Coveralls" fullPackage="Icecave.Archer.Coveralls" tests="3" assertions="6" failures="0" errors="0" time="0.038510">
      <testcase name="testExists" class="Icecave\Archer\Coveralls\CoverallsClientTest" file="/home/travis/build/IcecaveStudios/archer/test/suite/Icecave/Archer/Coveralls/CoverallsClientTest.php" line="23" assertions="2" time="0.013561"/>
      <testcase name="testExistsFailureHttpError" class="Icecave\Archer\Coveralls\CoverallsClientTest" file="/home/travis/build/IcecaveStudios/archer/test/suite/Icecave/Archer/Coveralls/CoverallsClientTest.php" line="34" assertions="2" time="0.011450"/>
      <testcase name="testExistsFailureJsonError" class="Icecave\Archer\Coveralls\CoverallsClientTest" file="/home/travis/build/IcecaveStudios/archer/test/suite/Icecave/Archer/Coveralls/CoverallsClientTest.php" line="45" assertions="2" time="0.013499"/>
    </testsuite>
    <testsuite name="Icecave\Archer\Documentation\DocumentationGeneratorTest" file="/home/travis/build/IcecaveStudios/archer/test/suite/Icecave/Archer/Documentation/DocumentationGeneratorTest.php" namespace="Icecave\Archer\Documentation" fullPackage="Icecave.Archer.Documentation" tests="17" assertions="31" failures="0" errors="0" time="0.713943">
      <testcase name="testConstructor" class="Icecave\Archer\Documentation\DocumentationGeneratorTest" file="/home/travis/build/IcecaveStudios/archer/test/suite/Icecave/Archer/Documentation/DocumentationGeneratorTest.php" line="54" assertions="2" time="0.061522"/>
      <testcase name="testConstructorDefaults" class="Icecave\Archer\Documentation\DocumentationGeneratorTest" file="/home/travis/build/IcecaveStudios/archer/test/suite/Icecave/Archer/Documentation/DocumentationGeneratorTest.php" line="63" assertions="2" time="0.018862"/>
      <testcase name="testGenerate" class="Icecave\Archer\Documentation\DocumentationGeneratorTest" file="/home/travis/build/IcecaveStudios/archer/test/suite/Icecave/Archer/Documentation/DocumentationGeneratorTest.php" line="77" assertions="4" time="0.089931"/>
      <testcase name="testGenerateDefaultPath" class="Icecave\Archer\Documentation\DocumentationGeneratorTest" file="/home/travis/build/IcecaveStudios/archer/test/suite/Icecave/Archer/Documentation/DocumentationGeneratorTest.php" line="111" assertions="4" time="0.073327"/>
      <testcase name="testGenerateBuildDirNonExistant" class="Icecave\Archer\Documentation\DocumentationGeneratorTest" file="/home/travis/build/IcecaveStudios/archer/test/suite/Icecave/Archer/Documentation/DocumentationGeneratorTest.php" line="145" assertions="4" time="0.060700"/>
      <testcase name="testSourcePath" class="Icecave\Archer\Documentation\DocumentationGeneratorTest" file="/home/travis/build/IcecaveStudios/archer/test/suite/Icecave/Archer/Documentation/DocumentationGeneratorTest.php" line="179" assertions="1" time="0.021828"/>
      <testcase name="testProjectNameWithSingleNamespace" class="Icecave\Archer\Documentation\DocumentationGeneratorTest" file="/home/travis/build/IcecaveStudios/archer/test/suite/Icecave/Archer/Documentation/DocumentationGeneratorTest.php" line="187" assertions="1" time="0.018278"/>
      <testcase name="testProjectNameFallback" class="Icecave\Archer\Documentation\DocumentationGeneratorTest" file="/home/travis/build/IcecaveStudios/archer/test/suite/Icecave/Archer/Documentation/DocumentationGeneratorTest.php" line="200" assertions="1" time="0.018603"/>
      <testcase name="testOpenedLevelWithSingleNamespace" class="Icecave\Archer\Documentation\DocumentationGeneratorTest" file="/home/travis/build/IcecaveStudios/archer/test/suite/Icecave/Archer/Documentation/DocumentationGeneratorTest.php" line="213" assertions="1" time="0.017854"/>
      <testcase name="testOpenedLevelFallback" class="Icecave\Archer\Documentation\DocumentationGeneratorTest" file="/home/travis/build/IcecaveStudios/archer/test/suite/Icecave/Archer/Documentation/DocumentationGeneratorTest.php" line="226" assertions="1" time="0.018514"/>
      <testcase name="testOpenedLevelFallbackNoEntries" class="Icecave\Archer\Documentation\DocumentationGeneratorTest" file="/home/travis/build/IcecaveStudios/archer/test/suite/Icecave/Archer/Documentation/DocumentationGeneratorTest.php" line="239" assertions="1" time="0.018158"/>
      <testcase name="testOpenedLevelFallbackNamespaceTooShort" class="Icecave\Archer\Documentation\DocumentationGeneratorTest" file="/home/travis/build/IcecaveStudios/archer/test/suite/Icecave/Archer/Documentation/DocumentationGeneratorTest.php" line="252" assertions="1" time="0.018993"/>
      <testcase name="testProjectNameFailureUndefined" class="Icecave\Archer\Documentation\DocumentationGeneratorTest" file="/home/travis/build/IcecaveStudios/archer/test/suite/Icecave/Archer/Documentation/DocumentationGeneratorTest.php" line="265" assertions="1" time="0.018556"/>
      <testcase name="testCreateFinder" class="Icecave\Archer\Documentation\DocumentationGeneratorTest" file="/home/travis/build/IcecaveStudios/archer/test/suite/Icecave/Archer/Documentation/DocumentationGeneratorTest.php" line="273" assertions="1" time="0.095197"/>
      <testcase name="testCreateSami" class="Icecave\Archer\Documentation\DocumentationGeneratorTest" file="/home/travis/build/IcecaveStudios/archer/test/suite/Icecave/Archer/Documentation/DocumentationGeneratorTest.php" line="281" assertions="1" time="0.073344"/>
      <testcase name="testPopErrorHandlers" class="Icecave\Archer\Documentation\DocumentationGeneratorTest" file="/home/travis/build/IcecaveStudios/archer/test/suite/Icecave/Archer/Documentation/DocumentationGeneratorTest.php" line="290" assertions="3" time="0.063530"/>
      <testcase name="testPushErrorHandlers" class="Icecave\Archer\Documentation\DocumentationGeneratorTest" file="/home/travis/build/IcecaveStudios/archer/test/suite/Icecave/Archer/Documentation/DocumentationGeneratorTest.php" line="323" assertions="2" time="0.026747"/>
    </testsuite>
    <testsuite name="Icecave\Archer\FileSystem\Exception\ReadExceptionTest" file="/home/travis/build/IcecaveStudios/archer/test/suite/Icecave/Archer/FileSystem/Exception/ReadExceptionTest.php" namespace="Icecave\Archer\FileSystem\Exception" fullPackage="Icecave.Archer.FileSystem.Exception" tests="1" assertions="4" failures="0" errors="0" time="0.005869">
      <testcase name="testException" class="Icecave\Archer\FileSystem\Exception\ReadExceptionTest" file="/home/travis/build/IcecaveStudios/archer/test/suite/Icecave/Archer/FileSystem/Exception/ReadExceptionTest.php" line="9" assertions="4" time="0.005869"/>
    </testsuite>
    <testsuite name="Icecave\Archer\FileSystem\Exception\WriteExceptionTest" file="/home/travis/build/IcecaveStudios/archer/test/suite/Icecave/Archer/FileSystem/Exception/WriteExceptionTest.php" namespace="Icecave\Archer\FileSystem\Exception" fullPackage="Icecave.Archer.FileSystem.Exception" tests="1" assertions="4" failures="0" errors="0" time="0.005928">
      <testcase name="testException" class="Icecave\Archer\FileSystem\Exception\WriteExceptionTest" file="/home/travis/build/IcecaveStudios/archer/test/suite/Icecave/Archer/FileSystem/Exception/WriteExceptionTest.php" line="9" assertions="4" time="0.005928"/>
    </testsuite>
    <testsuite name="Icecave\Archer\FileSystem\FileSystemTest" file="/home/travis/build/IcecaveStudios/archer/test/suite/Icecave/Archer/FileSystem/FileSystemTest.php" namespace="Icecave\Archer\FileSystem" fullPackage="Icecave.Archer.FileSystem" tests="30" assertions="68" failures="0" errors="0" time="0.524284">
      <testcase name="testExists" class="Icecave\Archer\FileSystem\FileSystemTest" file="/home/travis/build/IcecaveStudios/archer/test/suite/Icecave/Archer/FileSystem/FileSystemTest.php" line="17" assertions="4" time="0.019991"/>
      <testcase name="testExistsFailure" class="Icecave\Archer\FileSystem\FileSystemTest" file="/home/travis/build/IcecaveStudios/archer/test/suite/Icecave/Archer/FileSystem/FileSystemTest.php" line="33" assertions="1" time="0.008801"/>
      <testcase name="testFileExists" class="Icecave\Archer\FileSystem\FileSystemTest" file="/home/travis/build/IcecaveStudios/archer/test/suite/Icecave/Archer/FileSystem/FileSystemTest.php" line="46" assertions="4" time="0.016341"/>
      <testcase name="testFileExistsFailure" class="Icecave\Archer\FileSystem\FileSystemTest" file="/home/travis/build/IcecaveStudios/archer/test/suite/Icecave/Archer/FileSystem/FileSystemTest.php" line="62" assertions="1" time="0.009341"/>
      <testcase name="testDirectoryExists" class="Icecave\Archer\FileSystem\FileSystemTest" file="/home/travis/build/IcecaveStudios/archer/test/suite/Icecave/Archer/FileSystem/FileSystemTest.php" line="75" assertions="4" time="0.016369"/>
      <testcase name="testDirectoryExistsFailure" class="Icecave\Archer\FileSystem\FileSystemTest" file="/home/travis/build/IcecaveStudios/archer/test/suite/Icecave/Archer/FileSystem/FileSystemTest.php" line="91" assertions="1" time="0.008739"/>
      <testcase name="testRead" class="Icecave\Archer\FileSystem\FileSystemTest" file="/home/travis/build/IcecaveStudios/archer/test/suite/Icecave/Archer/FileSystem/FileSystemTest.php" line="104" assertions="2" time="0.009976"/>
      <testcase name="testReadFailure" class="Icecave\Archer\FileSystem\FileSystemTest" file="/home/travis/build/IcecaveStudios/archer/test/suite/Icecave/Archer/FileSystem/FileSystemTest.php" line="115" assertions="1" time="0.010645"/>
      <testcase name="testListPaths" class="Icecave\Archer\FileSystem\FileSystemTest" file="/home/travis/build/IcecaveStudios/archer/test/suite/Icecave/Archer/FileSystem/FileSystemTest.php" line="128" assertions="2" time="0.009722"/>
      <testcase name="testListPathsFailure" class="Icecave\Archer\FileSystem\FileSystemTest" file="/home/travis/build/IcecaveStudios/archer/test/suite/Icecave/Archer/FileSystem/FileSystemTest.php" line="139" assertions="1" time="0.008745"/>
      <testcase name="testWrite" class="Icecave\Archer\FileSystem\FileSystemTest" file="/home/travis/build/IcecaveStudios/archer/test/suite/Icecave/Archer/FileSystem/FileSystemTest.php" line="152" assertions="4" time="0.026304"/>
      <testcase name="testWriteCreateParentDirectory" class="Icecave\Archer\FileSystem\FileSystemTest" file="/home/travis/build/IcecaveStudios/archer/test/suite/Icecave/Archer/FileSystem/FileSystemTest.php" line="172" assertions="4" time="0.033221"/>
      <testcase name="testWriteFailure" class="Icecave\Archer\FileSystem\FileSystemTest" file="/home/travis/build/IcecaveStudios/archer/test/suite/Icecave/Archer/FileSystem/FileSystemTest.php" line="192" assertions="1" time="0.012821"/>
      <testcase name="testWriteFailureDirname" class="Icecave\Archer\FileSystem\FileSystemTest" file="/home/travis/build/IcecaveStudios/archer/test/suite/Icecave/Archer/FileSystem/FileSystemTest.php" line="213" assertions="1" time="0.008918"/>
      <testcase name="testCopy" class="Icecave\Archer\FileSystem\FileSystemTest" file="/home/travis/build/IcecaveStudios/archer/test/suite/Icecave/Archer/FileSystem/FileSystemTest.php" line="226" assertions="4" time="0.027811"/>
      <testcase name="testCopyCreateParentDirectory" class="Icecave\Archer\FileSystem\FileSystemTest" file="/home/travis/build/IcecaveStudios/archer/test/suite/Icecave/Archer/FileSystem/FileSystemTest.php" line="246" assertions="4" time="0.034080"/>
      <testcase name="testCopyFailure" class="Icecave\Archer\FileSystem\FileSystemTest" file="/home/travis/build/IcecaveStudios/archer/test/suite/Icecave/Archer/FileSystem/FileSystemTest.php" line="266" assertions="1" time="0.012619"/>
      <testcase name="testCopyFailureDirname" class="Icecave\Archer\FileSystem\FileSystemTest" file="/home/travis/build/IcecaveStudios/archer/test/suite/Icecave/Archer/FileSystem/FileSystemTest.php" line="287" assertions="1" time="0.008856"/>
      <testcase name="testMove" class="Icecave\Archer\FileSystem\FileSystemTest" file="/home/travis/build/IcecaveStudios/archer/test/suite/Icecave/Archer/FileSystem/FileSystemTest.php" line="300" assertions="4" time="0.028618"/>
      <testcase name="testMoveCreateParentDirectory" class="Icecave\Archer\FileSystem\FileSystemTest" file="/home/travis/build/IcecaveStudios/archer/test/suite/Icecave/Archer/FileSystem/FileSystemTest.php" line="320" assertions="4" time="0.037280"/>
      <testcase name="testMoveFailure" class="Icecave\Archer\FileSystem\FileSystemTest" file="/home/travis/build/IcecaveStudios/archer/test/suite/Icecave/Archer/FileSystem/FileSystemTest.php" line="340" assertions="1" time="0.012363"/>
      <testcase name="testMoveFailureDirname" class="Icecave\Archer\FileSystem\FileSystemTest" file="/home/travis/build/IcecaveStudios/archer/test/suite/Icecave/Archer/FileSystem/FileSystemTest.php" line="361" assertions="1" time="0.008756"/>
      <testcase name="testCreateDirectory" class="Icecave\Archer\FileSystem\FileSystemTest" file="/home/travis/build/IcecaveStudios/archer/test/suite/Icecave/Archer/FileSystem/FileSystemTest.php" line="374" assertions="1" time="0.010429"/>
      <testcase name="testCreateDirectoryFailure" class="Icecave\Archer\FileSystem\FileSystemTest" file="/home/travis/build/IcecaveStudios/archer/test/suite/Icecave/Archer/FileSystem/FileSystemTest.php" line="381" assertions="1" time="0.009228"/>
      <testcase name="testChmod" class="Icecave\Archer\FileSystem\FileSystemTest" file="/home/travis/build/IcecaveStudios/archer/test/suite/Icecave/Archer/FileSystem/FileSystemTest.php" line="394" assertions="1" time="0.010162"/>
      <testcase name="testChmodFailure" class="Icecave\Archer\FileSystem\FileSystemTest" file="/home/travis/build/IcecaveStudios/archer/test/suite/Icecave/Archer/FileSystem/FileSystemTest.php" line="401" assertions="1" time="0.008814"/>
      <testcase name="testDeleteFile" class="Icecave\Archer\FileSystem\FileSystemTest" file="/home/travis/build/IcecaveStudios/archer/test/suite/Icecave/Archer/FileSystem/FileSystemTest.php" line="414" assertions="3" time="0.017586"/>
      <testcase name="testDeleteFileFailure" class="Icecave\Archer\FileSystem\FileSystemTest" file="/home/travis/build/IcecaveStudios/archer/test/suite/Icecave/Archer/FileSystem/FileSystemTest.php" line="429" assertions="1" time="0.010503"/>
      <testcase name="testDeleteDirectory" class="Icecave\Archer\FileSystem\FileSystemTest" file="/home/travis/build/IcecaveStudios/archer/test/suite/Icecave/Archer/FileSystem/FileSystemTest.php" line="446" assertions="8" time="0.073448"/>
      <testcase name="testDeleteDirectoryFailure" class="Icecave\Archer\FileSystem\FileSystemTest" file="/home/travis/build/IcecaveStudios/archer/test/suite/Icecave/Archer/FileSystem/FileSystemTest.php" line="471" assertions="1" time="0.013796"/>
    </testsuite>
    <testsuite name="Icecave\Archer\Git\GitConfigReaderFactoryTest" file="/home/travis/build/IcecaveStudios/archer/test/suite/Icecave/Archer/Git/GitConfigReaderFactoryTest.php" namespace="Icecave\Archer\Git" fullPackage="Icecave.Archer.Git" tests="1" assertions="1" failures="0" errors="0" time="0.009392">
      <testcase name="testCreate" class="Icecave\Archer\Git\GitConfigReaderFactoryTest" file="/home/travis/build/IcecaveStudios/archer/test/suite/Icecave/Archer/Git/GitConfigReaderFactoryTest.php" line="15" assertions="1" time="0.009392"/>
    </testsuite>
    <testsuite name="Icecave\Archer\Git\GitConfigReaderTest" file="/home/travis/build/IcecaveStudios/archer/test/suite/Icecave/Archer/Git/GitConfigReaderTest.php" namespace="Icecave\Archer\Git" fullPackage="Icecave.Archer.Git" tests="10" assertions="17" failures="0" errors="0" time="0.133143">
      <testcase name="testConstructor" class="Icecave\Archer\Git\GitConfigReaderTest" file="/home/travis/build/IcecaveStudios/archer/test/suite/Icecave/Archer/Git/GitConfigReaderTest.php" line="58" assertions="2" time="0.009296"/>
      <testcase name="testConstructorDefaults" class="Icecave\Archer\Git\GitConfigReaderTest" file="/home/travis/build/IcecaveStudios/archer/test/suite/Icecave/Archer/Git/GitConfigReaderTest.php" line="64" assertions="1" time="0.009115"/>
      <testcase name="testIsGitHubRepository" class="Icecave\Archer\Git\GitConfigReaderTest" file="/home/travis/build/IcecaveStudios/archer/test/suite/Icecave/Archer/Git/GitConfigReaderTest.php" line="76" assertions="1" time="0.013373"/>
      <testcase name="testIsGitHubRepositoryNonGitHubURL" class="Icecave\Archer\Git\GitConfigReaderTest" file="/home/travis/build/IcecaveStudios/archer/test/suite/Icecave/Archer/Git/GitConfigReaderTest.php" line="81" assertions="1" time="0.013946"/>
      <testcase name="testGet" class="Icecave\Archer\Git\GitConfigReaderTest" file="/home/travis/build/IcecaveStudios/archer/test/suite/Icecave/Archer/Git/GitConfigReaderTest.php" line="95" assertions="4" time="0.015176"/>
      <testcase name="testRepositoryOwner" class="Icecave\Archer\Git\GitConfigReaderTest" file="/home/travis/build/IcecaveStudios/archer/test/suite/Icecave/Archer/Git/GitConfigReaderTest.php" line="103" assertions="1" time="0.013748"/>
      <testcase name="testRepositoryOwnerFailure" class="Icecave\Archer\Git\GitConfigReaderTest" file="/home/travis/build/IcecaveStudios/archer/test/suite/Icecave/Archer/Git/GitConfigReaderTest.php" line="108" assertions="2" time="0.014764"/>
      <testcase name="testRepositoryName" class="Icecave\Archer\Git\GitConfigReaderTest" file="/home/travis/build/IcecaveStudios/archer/test/suite/Icecave/Archer/Git/GitConfigReaderTest.php" line="126" assertions="1" time="0.013497"/>
      <testcase name="testRepositoryNameFailure" class="Icecave\Archer\Git\GitConfigReaderTest" file="/home/travis/build/IcecaveStudios/archer/test/suite/Icecave/Archer/Git/GitConfigReaderTest.php" line="131" assertions="2" time="0.014710"/>
      <testcase name="testParseFailure" class="Icecave\Archer\Git\GitConfigReaderTest" file="/home/travis/build/IcecaveStudios/archer/test/suite/Icecave/Archer/Git/GitConfigReaderTest.php" line="149" assertions="2" time="0.015518"/>
    </testsuite>
    <testsuite name="Icecave\Archer\Git\GitDotFilesManagerTest" file="/home/travis/build/IcecaveStudios/archer/test/suite/Icecave/Archer/Git/GitDotFilesManagerTest.php" namespace="Icecave\Archer\Git" fullPackage="Icecave.Archer.Git" tests="7" assertions="28" failures="0" errors="0" time="0.214009">
      <testcase name="testConstructor" class="Icecave\Archer\Git\GitDotFilesManagerTest" file="/home/travis/build/IcecaveStudios/archer/test/suite/Icecave/Archer/Git/GitDotFilesManagerTest.php" line="32" assertions="1" time="0.008882"/>
      <testcase name="testConstructorDefaults" class="Icecave\Archer\Git\GitDotFilesManagerTest" file="/home/travis/build/IcecaveStudios/archer/test/suite/Icecave/Archer/Git/GitDotFilesManagerTest.php" line="37" assertions="1" time="0.009004"/>
      <testcase name="testUpdateDotFiles" class="Icecave\Archer\Git\GitDotFilesManagerTest" file="/home/travis/build/IcecaveStudios/archer/test/suite/Icecave/Archer/Git/GitDotFilesManagerTest.php" line="47" assertions="7" time="0.043220"/>
      <testcase name="testUpdateDotFilesAppend" class="Icecave\Archer\Git\GitDotFilesManagerTest" file="/home/travis/build/IcecaveStudios/archer/test/suite/Icecave/Archer/Git/GitDotFilesManagerTest.php" line="76" assertions="5" time="0.034081"/>
      <testcase name="testUpdateDotFilesReplace" class="Icecave\Archer\Git\GitDotFilesManagerTest" file="/home/travis/build/IcecaveStudios/archer/test/suite/Icecave/Archer/Git/GitDotFilesManagerTest.php" line="109" assertions="5" time="0.035178"/>
      <testcase name="testUpdateDotFilesNoChange" class="Icecave\Archer\Git\GitDotFilesManagerTest" file="/home/travis/build/IcecaveStudios/archer/test/suite/Icecave/Archer/Git/GitDotFilesManagerTest.php" line="149" assertions="4" time="0.036247"/>
      <testcase name="testUpdateDotFilesMissingTags" class="Icecave\Archer\Git\GitDotFilesManagerTest" file="/home/travis/build/IcecaveStudios/archer/test/suite/Icecave/Archer/Git/GitDotFilesManagerTest.php" line="182" assertions="5" time="0.047397"/>
    </testsuite>
    <testsuite name="Icecave\Archer\GitHub\GitHubClientTest" file="/home/travis/build/IcecaveStudios/archer/test/suite/Icecave/Archer/GitHub/GitHubClientTest.php" namespace="Icecave\Archer\GitHub" fullPackage="Icecave.Archer.GitHub" tests="10" assertions="26" failures="0" errors="0" time="0.141753">
      <testcase name="testValidateToken" class="Icecave\Archer\GitHub\GitHubClientTest" file="/home/travis/build/IcecaveStudios/archer/test/suite/Icecave/Archer/GitHub/GitHubClientTest.php" line="18" assertions="5" time="0.008929"/>
      <testcase name="testDefaultBranch" class="Icecave\Archer\GitHub\GitHubClientTest" file="/home/travis/build/IcecaveStudios/archer/test/suite/Icecave/Archer/GitHub/GitHubClientTest.php" line="35" assertions="2" time="0.015058"/>
      <testcase name="testDefaultBranchUsingMasterBranch" class="Icecave\Archer\GitHub\GitHubClientTest" file="/home/travis/build/IcecaveStudios/archer/test/suite/Icecave/Archer/GitHub/GitHubClientTest.php" line="50" assertions="2" time="0.015030"/>
      <testcase name="testDefaultBranchFallback" class="Icecave\Archer\GitHub\GitHubClientTest" file="/home/travis/build/IcecaveStudios/archer/test/suite/Icecave/Archer/GitHub/GitHubClientTest.php" line="64" assertions="2" time="0.015016"/>
      <testcase name="testSetAuthToken" class="Icecave\Archer\GitHub\GitHubClientTest" file="/home/travis/build/IcecaveStudios/archer/test/suite/Icecave/Archer/GitHub/GitHubClientTest.php" line="75" assertions="2" time="0.010851"/>
      <testcase name="testSetAuthTokenFailure" class="Icecave\Archer\GitHub\GitHubClientTest" file="/home/travis/build/IcecaveStudios/archer/test/suite/Icecave/Archer/GitHub/GitHubClientTest.php" line="86" assertions="3" time="0.009199"/>
      <testcase name="testSetUserAgent" class="Icecave\Archer\GitHub\GitHubClientTest" file="/home/travis/build/IcecaveStudios/archer/test/suite/Icecave/Archer/GitHub/GitHubClientTest.php" line="94" assertions="2" time="0.009410"/>
      <testcase name="testApiGet" class="Icecave\Archer\GitHub\GitHubClientTest" file="/home/travis/build/IcecaveStudios/archer/test/suite/Icecave/Archer/GitHub/GitHubClientTest.php" line="103" assertions="2" time="0.014755"/>
      <testcase name="testApiGetWithUserAgent" class="Icecave\Archer\GitHub\GitHubClientTest" file="/home/travis/build/IcecaveStudios/archer/test/suite/Icecave/Archer/GitHub/GitHubClientTest.php" line="119" assertions="3" time="0.021622"/>
      <testcase name="testApiGetWithAuthToken" class="Icecave\Archer\GitHub\GitHubClientTest" file="/home/travis/build/IcecaveStudios/archer/test/suite/Icecave/Archer/GitHub/GitHubClientTest.php" line="148" assertions="3" time="0.021883"/>
    </testsuite>
    <testsuite name="Icecave\Archer\Process\PHPUnitExecutableFinderTest" file="/home/travis/build/IcecaveStudios/archer/test/suite/Icecave/Archer/Process/PHPUnitExecutableFinderTest.php" namespace="Icecave\Archer\Process" fullPackage="Icecave.Archer.Process" tests="6" assertions="14" failures="0" errors="0" time="0.078427">
      <testcase name="testConstructor" class="Icecave\Archer\Process\PHPUnitExecutableFinderTest" file="/home/travis/build/IcecaveStudios/archer/test/suite/Icecave/Archer/Process/PHPUnitExecutableFinderTest.php" line="30" assertions="2" time="0.011038"/>
      <testcase name="testConstructorDefaults" class="Icecave\Archer\Process\PHPUnitExecutableFinderTest" file="/home/travis/build/IcecaveStudios/archer/test/suite/Icecave/Archer/Process/PHPUnitExecutableFinderTest.php" line="36" assertions="2" time="0.007746"/>
      <testcase name="testFindGeneric" class="Icecave\Archer\Process\PHPUnitExecutableFinderTest" file="/home/travis/build/IcecaveStudios/archer/test/suite/Icecave/Archer/Process/PHPUnitExecutableFinderTest.php" line="50" assertions="2" time="0.011444"/>
      <testcase name="testFindGenericFailure" class="Icecave\Archer\Process\PHPUnitExecutableFinderTest" file="/home/travis/build/IcecaveStudios/archer/test/suite/Icecave/Archer/Process/PHPUnitExecutableFinderTest.php" line="65" assertions="2" time="0.009726"/>
      <testcase name="testFindTravis" class="Icecave\Archer\Process\PHPUnitExecutableFinderTest" file="/home/travis/build/IcecaveStudios/archer/test/suite/Icecave/Archer/Process/PHPUnitExecutableFinderTest.php" line="84" assertions="4" time="0.022911"/>
      <testcase name="testFindTravisFailure" class="Icecave\Archer\Process\PHPUnitExecutableFinderTest" file="/home/travis/build/IcecaveStudios/archer/test/suite/Icecave/Archer/Process/PHPUnitExecutableFinderTest.php" line="112" assertions="2" time="0.015562"/>
    </testsuite>
    <testsuite name="Icecave\Archer\Process\ProcessFactoryTest" file="/home/travis/build/IcecaveStudios/archer/test/suite/Icecave/Archer/Process/ProcessFactoryTest.php" namespace="Icecave\Archer\Process" fullPackage="Icecave.Archer.Process" tests="1" assertions="2" failures="0" errors="0" time="0.059731">
      <testcase name="testFactory" class="Icecave\Archer\Process\ProcessFactoryTest" file="/home/travis/build/IcecaveStudios/archer/test/suite/Icecave/Archer/Process/ProcessFactoryTest.php" line="16" assertions="2" time="0.059731"/>
    </testsuite>
    <testsuite name="Icecave\Archer\Support\AsplodeTest" file="/home/travis/build/IcecaveStudios/archer/test/suite/Icecave/Archer/Support/AsplodeTest.php" namespace="Icecave\Archer\Support" fullPackage="Icecave.Archer.Support" tests="8" assertions="14" failures="0" errors="0" time="0.100366">
      <testcase name="testInstance" class="Icecave\Archer\Support\AsplodeTest" file="/home/travis/build/IcecaveStudios/archer/test/suite/Icecave/Archer/Support/AsplodeTest.php" line="20" assertions="1" time="0.008070"/>
      <testcase name="testInstall" class="Icecave\Archer\Support\AsplodeTest" file="/home/travis/build/IcecaveStudios/archer/test/suite/Icecave/Archer/Support/AsplodeTest.php" line="25" assertions="1" time="0.011901"/>
      <testcase name="testInstallFailureAlreadyInstalled" class="Icecave\Archer\Support\AsplodeTest" file="/home/travis/build/IcecaveStudios/archer/test/suite/Icecave/Archer/Support/AsplodeTest.php" line="32" assertions="2" time="0.008920"/>
      <testcase name="testInstallFailureMisconfigured" class="Icecave\Archer\Support\AsplodeTest" file="/home/travis/build/IcecaveStudios/archer/test/suite/Icecave/Archer/Support/AsplodeTest.php" line="40" assertions="2" time="0.009507"/>
      <testcase name="testUninstall" class="Icecave\Archer\Support\AsplodeTest" file="/home/travis/build/IcecaveStudios/archer/test/suite/Icecave/Archer/Support/AsplodeTest.php" line="48" assertions="1" time="0.013329"/>
      <testcase name="testUninstallFailure" class="Icecave\Archer\Support\AsplodeTest" file="/home/travis/build/IcecaveStudios/archer/test/suite/Icecave/Archer/Support/AsplodeTest.php" line="56" assertions="2" time="0.008384"/>
      <testcase name="testHandleError" class="Icecave\Archer\Support\AsplodeTest" file="/home/travis/build/IcecaveStudios/archer/test/suite/Icecave/Archer/Support/AsplodeTest.php" line="62" assertions="4" time="0.032041"/>
      <testcase name="testHandleErrorIgnored" class="Icecave\Archer\Support\AsplodeTest" file="/home/travis/build/IcecaveStudios/archer/test/suite/Icecave/Archer/Support/AsplodeTest.php" line="75" assertions="1" time="0.008214"/>
    </testsuite>
    <testsuite name="Icecave\Archer\Support\IsolatorTest" file="/home/travis/build/IcecaveStudios/archer/test/suite/Icecave/Archer/Support/IsolatorTest.php" namespace="Icecave\Archer\Support" fullPackage="Icecave.Archer.Support" tests="9" assertions="15" failures="0" errors="0" time="0.044040">
      <testcase name="testGet" class="Icecave\Archer\Support\IsolatorTest" file="/home/travis/build/IcecaveStudios/archer/test/suite/Icecave/Archer/Support/IsolatorTest.php" line="13" assertions="3" time="0.004826"/>
      <testcase name="testClassName" class="Icecave\Archer\Support\IsolatorTest" file="/home/travis/build/IcecaveStudios/archer/test/suite/Icecave/Archer/Support/IsolatorTest.php" line="24" assertions="1" time="0.004272"/>
      <testcase name="testCall" class="Icecave\Archer\Support\IsolatorTest" file="/home/travis/build/IcecaveStudios/archer/test/suite/Icecave/Archer/Support/IsolatorTest.php" line="31" assertions="1" time="0.004176"/>
      <testcase name="testEcho" class="Icecave\Archer\Support\IsolatorTest" file="/home/travis/build/IcecaveStudios/archer/test/suite/Icecave/Archer/Support/IsolatorTest.php" line="37" assertions="1" time="0.004973"/>
      <testcase name="testEval" class="Icecave\Archer\Support\IsolatorTest" file="/home/travis/build/IcecaveStudios/archer/test/suite/Icecave/Archer/Support/IsolatorTest.php" line="44" assertions="1" time="0.004626"/>
      <testcase name="testInclude" class="Icecave\Archer\Support\IsolatorTest" file="/home/travis/build/IcecaveStudios/archer/test/suite/Icecave/Archer/Support/IsolatorTest.php" line="50" assertions="2" time="0.005604"/>
      <testcase name="testIncludeOnce" class="Icecave\Archer\Support\IsolatorTest" file="/home/travis/build/IcecaveStudios/archer/test/suite/Icecave/Archer/Support/IsolatorTest.php" line="59" assertions="2" time="0.004963"/>
      <testcase name="testRequire" class="Icecave\Archer\Support\IsolatorTest" file="/home/travis/build/IcecaveStudios/archer/test/suite/Icecave/Archer/Support/IsolatorTest.php" line="68" assertions="2" time="0.005017"/>
      <testcase name="testRequireOnce" class="Icecave\Archer\Support\IsolatorTest" file="/home/travis/build/IcecaveStudios/archer/test/suite/Icecave/Archer/Support/IsolatorTest.php" line="77" assertions="2" time="0.005583"/>
    </testsuite>
    <testsuite name="Icecave\Archer\Support\Liftoff\Exception\LauncherTest" file="/home/travis/build/IcecaveStudios/archer/test/suite/Icecave/Archer/Support/Liftoff/Exception/LaunchExceptionTest.php" namespace="Icecave\Archer\Support\Liftoff\Exception" fullPackage="Icecave.Archer.Support.Liftoff.Exception" tests="1" assertions="4" failures="0" errors="0" time="0.005853">
      <testcase name="testException" class="Icecave\Archer\Support\Liftoff\Exception\LauncherTest" file="/home/travis/build/IcecaveStudios/archer/test/suite/Icecave/Archer/Support/Liftoff/Exception/LaunchExceptionTest.php" line="19" assertions="4" time="0.005853"/>
    </testsuite>
    <testsuite name="Icecave\Archer\Support\Liftoff\LauncherTest" file="/home/travis/build/IcecaveStudios/archer/test/suite/Icecave/Archer/Support/Liftoff/LauncherTest.php" namespace="Icecave\Archer\Support\Liftoff" fullPackage="Icecave.Archer.Support.Liftoff" tests="7" assertions="32" failures="0" errors="0" time="0.326910">
      <testsuite name="Icecave\Archer\Support\Liftoff\LauncherTest::testLaunch" tests="6" assertions="30" failures="0" errors="0" time="0.317534">
        <testcase name="testLaunch with data set &quot;OSX&quot;" assertions="5" time="0.051473"/>
        <testcase name="testLaunch with data set &quot;OSX with arguments&quot;" assertions="5" time="0.056528"/>
        <testcase name="testLaunch with data set &quot;Windows&quot;" assertions="5" time="0.056269"/>
        <testcase name="testLaunch with data set &quot;Windows with arguments&quot;" assertions="5" time="0.052407"/>
        <testcase name="testLaunch with data set &quot;Unix&quot;" assertions="5" time="0.050750"/>
        <testcase name="testLaunch with data set &quot;Unix with arguments&quot;" assertions="5" time="0.050107"/>
      </testsuite>
      <testcase name="testLaunchFailure" class="Icecave\Archer\Support\Liftoff\LauncherTest" file="/home/travis/build/IcecaveStudios/archer/test/suite/Icecave/Archer/Support/Liftoff/LauncherTest.php" line="70" assertions="2" time="0.009376"/>
    </testsuite>
    <testsuite name="Icecave\Archer\Travis\TravisClientTest" file="/home/travis/build/IcecaveStudios/archer/test/suite/Icecave/Archer/Travis/TravisClientTest.php" namespace="Icecave\Archer\Travis" fullPackage="Icecave.Archer.Travis" tests="6" assertions="10" failures="0" errors="0" time="0.058424">
      <testcase name="testConstructor" class="Icecave\Archer\Travis\TravisClientTest" file="/home/travis/build/IcecaveStudios/archer/test/suite/Icecave/Archer/Travis/TravisClientTest.php" line="21" assertions="1" time="0.006430"/>
      <testcase name="testConstructorDefaults" class="Icecave\Archer\Travis\TravisClientTest" file="/home/travis/build/IcecaveStudios/archer/test/suite/Icecave/Archer/Travis/TravisClientTest.php" line="26" assertions="1" time="0.006528"/>
      <testcase name="testPublicKey" class="Icecave\Archer\Travis\TravisClientTest" file="/home/travis/build/IcecaveStudios/archer/test/suite/Icecave/Archer/Travis/TravisClientTest.php" line="36" assertions="2" time="0.010437"/>
      <testcase name="testEncryptEnvironment" class="Icecave\Archer\Travis\TravisClientTest" file="/home/travis/build/IcecaveStudios/archer/test/suite/Icecave/Archer/Travis/TravisClientTest.php" line="49" assertions="2" time="0.013208"/>
      <testcase name="testEncrypt" class="Icecave\Archer\Travis\TravisClientTest" file="/home/travis/build/IcecaveStudios/archer/test/suite/Icecave/Archer/Travis/TravisClientTest.php" line="70" assertions="2" time="0.013648"/>
      <testcase name="testEncryptFailure" class="Icecave\Archer\Travis\TravisClientTest" file="/home/travis/build/IcecaveStudios/archer/test/suite/Icecave/Archer/Travis/TravisClientTest.php" line="91" assertions="2" time="0.008173"/>
    </testsuite>
    <testsuite name="Icecave\Archer\Travis\TravisConfigManagerTest" file="/home/travis/build/IcecaveStudios/archer/test/suite/Icecave/Archer/Travis/TravisConfigManagerTest.php" namespace="Icecave\Archer\Travis" fullPackage="Icecave.Archer.Travis" tests="20" assertions="62" failures="0" errors="0" time="0.472685">
      <testcase name="testConstructor" class="Icecave\Archer\Travis\TravisConfigManagerTest" file="/home/travis/build/IcecaveStudios/archer/test/suite/Icecave/Archer/Travis/TravisConfigManagerTest.php" line="38" assertions="3" time="0.010548"/>
      <testcase name="testConstructorDefaults" class="Icecave\Archer\Travis\TravisConfigManagerTest" file="/home/travis/build/IcecaveStudios/archer/test/suite/Icecave/Archer/Travis/TravisConfigManagerTest.php" line="45" assertions="3" time="0.010859"/>
      <testcase name="testPublicKeyCache" class="Icecave\Archer\Travis\TravisConfigManagerTest" file="/home/travis/build/IcecaveStudios/archer/test/suite/Icecave/Archer/Travis/TravisConfigManagerTest.php" line="63" assertions="2" time="0.014727"/>
      <testcase name="testPublicKeyCacheExists" class="Icecave\Archer\Travis\TravisConfigManagerTest" file="/home/travis/build/IcecaveStudios/archer/test/suite/Icecave/Archer/Travis/TravisConfigManagerTest.php" line="74" assertions="3" time="0.019334"/>
      <testcase name="testSetPublicKeyCache" class="Icecave\Archer\Travis\TravisConfigManagerTest" file="/home/travis/build/IcecaveStudios/archer/test/suite/Icecave/Archer/Travis/TravisConfigManagerTest.php" line="92" assertions="3" time="0.018336"/>
      <testcase name="testSetPublicKeyCacheSame" class="Icecave\Archer\Travis\TravisConfigManagerTest" file="/home/travis/build/IcecaveStudios/archer/test/suite/Icecave/Archer/Travis/TravisConfigManagerTest.php" line="106" assertions="4" time="0.021937"/>
      <testcase name="testSetPublicKeyCacheDelete" class="Icecave\Archer\Travis\TravisConfigManagerTest" file="/home/travis/build/IcecaveStudios/archer/test/suite/Icecave/Archer/Travis/TravisConfigManagerTest.php" line="126" assertions="4" time="0.023490"/>
      <testcase name="testSecureEnvironmentCache" class="Icecave\Archer\Travis\TravisConfigManagerTest" file="/home/travis/build/IcecaveStudios/archer/test/suite/Icecave/Archer/Travis/TravisConfigManagerTest.php" line="145" assertions="2" time="0.013699"/>
      <testcase name="testSecureEnvironmentCacheExists" class="Icecave\Archer\Travis\TravisConfigManagerTest" file="/home/travis/build/IcecaveStudios/archer/test/suite/Icecave/Archer/Travis/TravisConfigManagerTest.php" line="156" assertions="3" time="0.019839"/>
      <testcase name="testSetSecureEnvironmentCache" class="Icecave\Archer\Travis\TravisConfigManagerTest" file="/home/travis/build/IcecaveStudios/archer/test/suite/Icecave/Archer/Travis/TravisConfigManagerTest.php" line="174" assertions="3" time="0.020065"/>
      <testcase name="testSetSecureEnvironmentCacheSame" class="Icecave\Archer\Travis\TravisConfigManagerTest" file="/home/travis/build/IcecaveStudios/archer/test/suite/Icecave/Archer/Travis/TravisConfigManagerTest.php" line="188" assertions="4" time="0.023446"/>
      <testcase name="testSetSecureEnvironmentCacheDelete" class="Icecave\Archer\Travis\TravisConfigManagerTest" file="/home/travis/build/IcecaveStudios/archer/test/suite/Icecave/Archer/Travis/TravisConfigManagerTest.php" line="208" assertions="4" time="0.024533"/>
      <testcase name="testUpdateConfig" class="Icecave\Archer\Travis\TravisConfigManagerTest" file="/home/travis/build/IcecaveStudios/archer/test/suite/Icecave/Archer/Travis/TravisConfigManagerTest.php" line="227" assertions="6" time="0.043295"/>
      <testcase name="testUpdateConfigWithOAuth" class="Icecave\Archer\Travis\TravisConfigManagerTest" file="/home/travis/build/IcecaveStudios/archer/test/suite/Icecave/Archer/Travis/TravisConfigManagerTest.php" line="246" assertions="6" time="0.047292"/>
      <testcase name="testUpdateConfigPhpVersionConstraint" class="Icecave\Archer\Travis\TravisConfigManagerTest" file="/home/travis/build/IcecaveStudios/archer/test/suite/Icecave/Archer/Travis/TravisConfigManagerTest.php" line="273" assertions="2" time="0.027667"/>
      <testcase name="testUpdateConfigPhpVersionConstraintWithPatchVersion" class="Icecave\Archer\Travis\TravisConfigManagerTest" file="/home/travis/build/IcecaveStudios/archer/test/suite/Icecave/Archer/Travis/TravisConfigManagerTest.php" line="291" assertions="2" time="0.025886"/>
      <testcase name="testUpdateConfigPhpVersionConstraintNoMatches" class="Icecave\Archer\Travis\TravisConfigManagerTest" file="/home/travis/build/IcecaveStudios/archer/test/suite/Icecave/Archer/Travis/TravisConfigManagerTest.php" line="305" assertions="2" time="0.025683"/>
      <testsuite name="Icecave\Archer\Travis\TravisConfigManagerTest::testUpdateConfigPhpPublishVersion" tests="3" assertions="6" failures="0" errors="0" time="0.082049">
        <testcase name="testUpdateConfigPhpPublishVersion with data set #0" assertions="2" time="0.025850"/>
        <testcase name="testUpdateConfigPhpPublishVersion with data set #1" assertions="2" time="0.027168"/>
        <testcase name="testUpdateConfigPhpPublishVersion with data set #2" assertions="2" time="0.029031"/>
      </testsuite>
    </testsuite>
  </testsuite>
</testsuites>
