<?xml version="1.0" encoding="UTF-8"?>
<testsuites>
  <testsuite name="" tests="210" assertions="728" failures="0" errors="0" time="8.259502">
    <testsuite name="Icecave\Archer\Configuration\ComposerConfigurationReaderTest" file="/home/travis/build/IcecaveStudios/archer/test/suite/Icecave/Archer/Configuration/ComposerConfigurationReaderTest.php" namespace="Icecave\Archer\Configuration" fullPackage="Icecave.Archer.Configuration" tests="4" assertions="6" failures="0" errors="0" time="0.056351">
      <testcase name="testConstructor" class="Icecave\Archer\Configuration\ComposerConfigurationReaderTest" file="/home/travis/build/IcecaveStudios/archer/test/suite/Icecave/Archer/Configuration/ComposerConfigurationReaderTest.php" line="18" assertions="1" time="0.015721"/>
      <testcase name="testConstructorDefaults" class="Icecave\Archer\Configuration\ComposerConfigurationReaderTest" file="/home/travis/build/IcecaveStudios/archer/test/suite/Icecave/Archer/Configuration/ComposerConfigurationReaderTest.php" line="23" assertions="1" time="0.006467"/>
      <testcase name="testRead" class="Icecave\Archer\Configuration\ComposerConfigurationReaderTest" file="/home/travis/build/IcecaveStudios/archer/test/suite/Icecave/Archer/Configuration/ComposerConfigurationReaderTest.php" line="33" assertions="2" time="0.024360"/>
      <testcase name="testReadFailureJson" class="Icecave\Archer\Configuration\ComposerConfigurationReaderTest" file="/home/travis/build/IcecaveStudios/archer/test/suite/Icecave/Archer/Configuration/ComposerConfigurationReaderTest.php" line="47" assertions="2" time="0.009803"/>
    </testsuite>
    <testsuite name="Icecave\Archer\Configuration\ConfigurationFileFinderTest" file="/home/travis/build/IcecaveStudios/archer/test/suite/Icecave/Archer/Configuration/ConfigurationFileFinderTest.php" namespace="Icecave\Archer\Configuration" fullPackage="Icecave.Archer.Configuration" tests="5" assertions="11" failures="0" errors="0" time="0.048594">
      <testcase name="testConstructor" class="Icecave\Archer\Configuration\ConfigurationFileFinderTest" file="/home/travis/build/IcecaveStudios/archer/test/suite/Icecave/Archer/Configuration/ConfigurationFileFinderTest.php" line="17" assertions="1" time="0.005358"/>
      <testcase name="testConstructorDefaults" class="Icecave\Archer\Configuration\ConfigurationFileFinderTest" file="/home/travis/build/IcecaveStudios/archer/test/suite/Icecave/Archer/Configuration/ConfigurationFileFinderTest.php" line="22" assertions="1" time="0.005096"/>
      <testcase name="testFindFirst" class="Icecave\Archer\Configuration\ConfigurationFileFinderTest" file="/home/travis/build/IcecaveStudios/archer/test/suite/Icecave/Archer/Configuration/ConfigurationFileFinderTest.php" line="32" assertions="3" time="0.011146"/>
      <testcase name="testFindLast" class="Icecave\Archer\Configuration\ConfigurationFileFinderTest" file="/home/travis/build/IcecaveStudios/archer/test/suite/Icecave/Archer/Configuration/ConfigurationFileFinderTest.php" line="48" assertions="3" time="0.013539"/>
      <testcase name="testFindDefault" class="Icecave\Archer\Configuration\ConfigurationFileFinderTest" file="/home/travis/build/IcecaveStudios/archer/test/suite/Icecave/Archer/Configuration/ConfigurationFileFinderTest.php" line="67" assertions="3" time="0.013455"/>
    </testsuite>
    <testsuite name="Icecave\Archer\Configuration\PHPConfigurationReaderTest" file="/home/travis/build/IcecaveStudios/archer/test/suite/Icecave/Archer/Configuration/PHPConfigurationReaderTest.php" namespace="Icecave\Archer\Configuration" fullPackage="Icecave.Archer.Configuration" tests="5" assertions="16" failures="0" errors="0" time="0.080797">
      <testcase name="testConstructor" class="Icecave\Archer\Configuration\PHPConfigurationReaderTest" file="/home/travis/build/IcecaveStudios/archer/test/suite/Icecave/Archer/Configuration/PHPConfigurationReaderTest.php" line="21" assertions="1" time="0.010051"/>
      <testcase name="testConstructorDefaults" class="Icecave\Archer\Configuration\PHPConfigurationReaderTest" file="/home/travis/build/IcecaveStudios/archer/test/suite/Icecave/Archer/Configuration/PHPConfigurationReaderTest.php" line="26" assertions="1" time="0.006057"/>
      <testcase name="testReadSingle" class="Icecave\Archer\Configuration\PHPConfigurationReaderTest" file="/home/travis/build/IcecaveStudios/archer/test/suite/Icecave/Archer/Configuration/PHPConfigurationReaderTest.php" line="36" assertions="5" time="0.021903"/>
      <testcase name="testReadMultiple" class="Icecave\Archer\Configuration\PHPConfigurationReaderTest" file="/home/travis/build/IcecaveStudios/archer/test/suite/Icecave/Archer/Configuration/PHPConfigurationReaderTest.php" line="60" assertions="5" time="0.025476"/>
      <testcase name="testReadNone" class="Icecave\Archer\Configuration\PHPConfigurationReaderTest" file="/home/travis/build/IcecaveStudios/archer/test/suite/Icecave/Archer/Configuration/PHPConfigurationReaderTest.php" line="83" assertions="4" time="0.017310"/>
    </testsuite>
    <testsuite name="Icecave\Archer\Console\ApplicationTest" file="/home/travis/build/IcecaveStudios/archer/test/suite/Icecave/Archer/Console/ApplicationTest.php" namespace="Icecave\Archer\Console" fullPackage="Icecave.Archer.Console" tests="8" assertions="15" failures="0" errors="0" time="0.747841">
      <testcase name="testConstructor" class="Icecave\Archer\Console\ApplicationTest" file="/home/travis/build/IcecaveStudios/archer/test/suite/Icecave/Archer/Console/ApplicationTest.php" line="29" assertions="4" time="0.112731"/>
      <testcase name="testConstructorDefaults" class="Icecave\Archer\Console\ApplicationTest" file="/home/travis/build/IcecaveStudios/archer/test/suite/Icecave/Archer/Console/ApplicationTest.php" line="38" assertions="1" time="0.087160"/>
      <testcase name="testEnabledCommands" class="Icecave\Archer\Console\ApplicationTest" file="/home/travis/build/IcecaveStudios/archer/test/suite/Icecave/Archer/Console/ApplicationTest.php" line="50" assertions="1" time="0.058597"/>
      <testcase name="testEnabledCommandsArcher" class="Icecave\Archer\Console\ApplicationTest" file="/home/travis/build/IcecaveStudios/archer/test/suite/Icecave/Archer/Console/ApplicationTest.php" line="64" assertions="3" time="0.104378"/>
      <testcase name="testEnabledCommandsTravis" class="Icecave\Archer\Console\ApplicationTest" file="/home/travis/build/IcecaveStudios/archer/test/suite/Icecave/Archer/Console/ApplicationTest.php" line="94" assertions="1" time="0.090088"/>
      <testcase name="testDoRun" class="Icecave\Archer\Console\ApplicationTest" file="/home/travis/build/IcecaveStudios/archer/test/suite/Icecave/Archer/Console/ApplicationTest.php" line="114" assertions="3" time="0.174831"/>
      <testcase name="testRawArguments" class="Icecave\Archer\Console\ApplicationTest" file="/home/travis/build/IcecaveStudios/archer/test/suite/Icecave/Archer/Console/ApplicationTest.php" line="143" assertions="1" time="0.060430"/>
      <testcase name="testDefaultCommandName" class="Icecave\Archer\Console\ApplicationTest" file="/home/travis/build/IcecaveStudios/archer/test/suite/Icecave/Archer/Console/ApplicationTest.php" line="155" assertions="1" time="0.059626"/>
    </testsuite>
    <testsuite name="Icecave\Archer\Console\Command\AbstractPHPUnitCommandTest" file="/home/travis/build/IcecaveStudios/archer/test/suite/Icecave/Archer/Console/Command/AbstractPHPUnitCommandTest.php" namespace="Icecave\Archer\Console\Command" fullPackage="Icecave.Archer.Console.Command" tests="4" assertions="19" failures="0" errors="0" time="0.168694">
      <testcase name="testConstructor" class="Icecave\Archer\Console\Command\AbstractPHPUnitCommandTest" file="/home/travis/build/IcecaveStudios/archer/test/suite/Icecave/Archer/Console/Command/AbstractPHPUnitCommandTest.php" line="67" assertions="7" time="0.074258"/>
      <testcase name="testConstructorDefaults" class="Icecave\Archer\Console\Command\AbstractPHPUnitCommandTest" file="/home/travis/build/IcecaveStudios/archer/test/suite/Icecave/Archer/Console/Command/AbstractPHPUnitCommandTest.php" line="79" assertions="6" time="0.030893"/>
      <testcase name="testGetHelp" class="Icecave\Archer\Console\Command\AbstractPHPUnitCommandTest" file="/home/travis/build/IcecaveStudios/archer/test/suite/Icecave/Archer/Console/Command/AbstractPHPUnitCommandTest.php" line="118" assertions="5" time="0.038418"/>
      <testcase name="testGenerateArgumentsFiltering" class="Icecave\Archer\Console\Command\AbstractPHPUnitCommandTest" file="/home/travis/build/IcecaveStudios/archer/test/suite/Icecave/Archer/Console/Command/AbstractPHPUnitCommandTest.php" line="147" assertions="1" time="0.025125"/>
    </testsuite>
    <testsuite name="Icecave\Archer\Console\Command\CoverageCommandTest" file="/home/travis/build/IcecaveStudios/archer/test/suite/Icecave/Archer/Console/Command/CoverageCommandTest.php" namespace="Icecave\Archer\Console\Command" fullPackage="Icecave.Archer.Console.Command" tests="6" assertions="47" failures="0" errors="0" time="0.399272">
      <testcase name="testConstructor" class="Icecave\Archer\Console\Command\CoverageCommandTest" file="/home/travis/build/IcecaveStudios/archer/test/suite/Icecave/Archer/Console/Command/CoverageCommandTest.php" line="150" assertions="8" time="0.076971"/>
      <testcase name="testConstructorDefaults" class="Icecave\Archer\Console\Command\CoverageCommandTest" file="/home/travis/build/IcecaveStudios/archer/test/suite/Icecave/Archer/Console/Command/CoverageCommandTest.php" line="163" assertions="7" time="0.038440"/>
      <testcase name="testConfigure" class="Icecave\Archer\Console\Command\CoverageCommandTest" file="/home/travis/build/IcecaveStudios/archer/test/suite/Icecave/Archer/Console/Command/CoverageCommandTest.php" line="206" assertions="3" time="0.060282"/>
      <testcase name="testExecute" class="Icecave\Archer\Console\Command\CoverageCommandTest" file="/home/travis/build/IcecaveStudios/archer/test/suite/Icecave/Archer/Console/Command/CoverageCommandTest.php" line="236" assertions="14" time="0.083823"/>
      <testcase name="testExecuteWithOpen" class="Icecave\Archer\Console\Command\CoverageCommandTest" file="/home/travis/build/IcecaveStudios/archer/test/suite/Icecave/Archer/Console/Command/CoverageCommandTest.php" line="302" assertions="14" time="0.097729"/>
      <testcase name="testGenerateArgumentsFiltering" class="Icecave\Archer\Console\Command\CoverageCommandTest" file="/home/travis/build/IcecaveStudios/archer/test/suite/Icecave/Archer/Console/Command/CoverageCommandTest.php" line="382" assertions="1" time="0.042027"/>
    </testsuite>
    <testsuite name="Icecave\Archer\Console\Command\DocumentationCommandTest" file="/home/travis/build/IcecaveStudios/archer/test/suite/Icecave/Archer/Console/Command/DocumentationCommandTest.php" namespace="Icecave\Archer\Console\Command" fullPackage="Icecave.Archer.Console.Command" tests="5" assertions="16" failures="0" errors="0" time="0.105855">
      <testcase name="testConstructor" class="Icecave\Archer\Console\Command\DocumentationCommandTest" file="/home/travis/build/IcecaveStudios/archer/test/suite/Icecave/Archer/Console/Command/DocumentationCommandTest.php" line="32" assertions="2" time="0.015698"/>
      <testcase name="testConstructorDefaults" class="Icecave\Archer\Console\Command\DocumentationCommandTest" file="/home/travis/build/IcecaveStudios/archer/test/suite/Icecave/Archer/Console/Command/DocumentationCommandTest.php" line="38" assertions="2" time="0.010606"/>
      <testcase name="testConfigure" class="Icecave\Archer\Console\Command\DocumentationCommandTest" file="/home/travis/build/IcecaveStudios/archer/test/suite/Icecave/Archer/Console/Command/DocumentationCommandTest.php" line="52" assertions="3" time="0.024203"/>
      <testcase name="testExecute" class="Icecave\Archer\Console\Command\DocumentationCommandTest" file="/home/travis/build/IcecaveStudios/archer/test/suite/Icecave/Archer/Console/Command/DocumentationCommandTest.php" line="72" assertions="4" time="0.024054"/>
      <testcase name="testExecuteWithOpen" class="Icecave\Archer\Console\Command\DocumentationCommandTest" file="/home/travis/build/IcecaveStudios/archer/test/suite/Icecave/Archer/Console/Command/DocumentationCommandTest.php" line="87" assertions="5" time="0.031294"/>
    </testsuite>
    <testsuite name="Icecave\Archer\Console\Command\TestCommandTest" file="/home/travis/build/IcecaveStudios/archer/test/suite/Icecave/Archer/Console/Command/TestCommandTest.php" namespace="Icecave\Archer\Console\Command" fullPackage="Icecave.Archer.Console.Command" tests="2" assertions="16" failures="0" errors="0" time="0.148015">
      <testcase name="testConfigure" class="Icecave\Archer\Console\Command\TestCommandTest" file="/home/travis/build/IcecaveStudios/archer/test/suite/Icecave/Archer/Console/Command/TestCommandTest.php" line="145" assertions="3" time="0.065371"/>
      <testcase name="testExecute" class="Icecave\Archer\Console\Command\TestCommandTest" file="/home/travis/build/IcecaveStudios/archer/test/suite/Icecave/Archer/Console/Command/TestCommandTest.php" line="165" assertions="13" time="0.082644"/>
    </testsuite>
    <testsuite name="Icecave\Archer\Console\Command\Travis\AbstractTravisCommandTest" file="/home/travis/build/IcecaveStudios/archer/test/suite/Icecave/Archer/Console/Command/Travis/AbstractTravisCommandTest.php" namespace="Icecave\Archer\Console\Command\Travis" fullPackage="Icecave.Archer.Console.Command.Travis" tests="1" assertions="2" failures="0" errors="0" time="0.028197">
      <testcase name="testIsEnabled" class="Icecave\Archer\Console\Command\Travis\AbstractTravisCommandTest" file="/home/travis/build/IcecaveStudios/archer/test/suite/Icecave/Archer/Console/Command/Travis/AbstractTravisCommandTest.php" line="18" assertions="2" time="0.028197"/>
    </testsuite>
    <testsuite name="Icecave\Archer\Console\Command\Travis\BuildCommandTest" file="/home/travis/build/IcecaveStudios/archer/test/suite/Icecave/Archer/Console/Command/Travis/BuildCommandTest.php" namespace="Icecave\Archer\Console\Command\Travis" fullPackage="Icecave.Archer.Console.Command.Travis" tests="12" assertions="84" failures="0" errors="0" time="1.280368">
      <testcase name="testConstructor" class="Icecave\Archer\Console\Command\Travis\BuildCommandTest" file="/home/travis/build/IcecaveStudios/archer/test/suite/Icecave/Archer/Console/Command/Travis/BuildCommandTest.php" line="60" assertions="3" time="0.057174"/>
      <testcase name="testConstructorDefaults" class="Icecave\Archer\Console\Command\Travis\BuildCommandTest" file="/home/travis/build/IcecaveStudios/archer/test/suite/Icecave/Archer/Console/Command/Travis/BuildCommandTest.php" line="67" assertions="3" time="0.051351"/>
      <testcase name="testExecute" class="Icecave\Archer\Console\Command\Travis\BuildCommandTest" file="/home/travis/build/IcecaveStudios/archer/test/suite/Icecave/Archer/Console/Command/Travis/BuildCommandTest.php" line="85" assertions="3" time="0.076774"/>
      <testcase name="testExecuteWithPublishVersionButWrongBranch" class="Icecave\Archer\Console\Command\Travis\BuildCommandTest" file="/home/travis/build/IcecaveStudios/archer/test/suite/Icecave/Archer/Console/Command/Travis/BuildCommandTest.php" line="104" assertions="4" time="0.088928"/>
      <testcase name="testExecuteWithPublishVersionButNoToken" class="Icecave\Archer\Console\Command\Travis\BuildCommandTest" file="/home/travis/build/IcecaveStudios/archer/test/suite/Icecave/Archer/Console/Command/Travis/BuildCommandTest.php" line="134" assertions="3" time="0.081058"/>
      <testcase name="testExecuteWithPublish" class="Icecave\Archer\Console\Command\Travis\BuildCommandTest" file="/home/travis/build/IcecaveStudios/archer/test/suite/Icecave/Archer/Console/Command/Travis/BuildCommandTest.php" line="161" assertions="9" time="0.124493"/>
      <testcase name="testExecuteWithPublishErrorCode" class="Icecave\Archer\Console\Command\Travis\BuildCommandTest" file="/home/travis/build/IcecaveStudios/archer/test/suite/Icecave/Archer/Console/Command/Travis/BuildCommandTest.php" line="224" assertions="9" time="0.124487"/>
      <testcase name="testExecuteWithPublishAndCoveralls" class="Icecave\Archer\Console\Command\Travis\BuildCommandTest" file="/home/travis/build/IcecaveStudios/archer/test/suite/Icecave/Archer/Console/Command/Travis/BuildCommandTest.php" line="287" assertions="12" time="0.153402"/>
      <testcase name="testExecuteWithPublishAndTestFailure" class="Icecave\Archer\Console\Command\Travis\BuildCommandTest" file="/home/travis/build/IcecaveStudios/archer/test/suite/Icecave/Archer/Console/Command/Travis/BuildCommandTest.php" line="367" assertions="9" time="0.124560"/>
      <testcase name="testExecuteWithPublishAndDocumentationFailure" class="Icecave\Archer\Console\Command\Travis\BuildCommandTest" file="/home/travis/build/IcecaveStudios/archer/test/suite/Icecave/Archer/Console/Command/Travis/BuildCommandTest.php" line="430" assertions="9" time="0.124702"/>
      <testcase name="testExecuteWithPublishAndCoverallsPublishFailure" class="Icecave\Archer\Console\Command\Travis\BuildCommandTest" file="/home/travis/build/IcecaveStudios/archer/test/suite/Icecave/Archer/Console/Command/Travis/BuildCommandTest.php" line="493" assertions="12" time="0.153698"/>
      <testcase name="testExecuteWithCoverallsButNoPublish" class="Icecave\Archer\Console\Command\Travis\BuildCommandTest" file="/home/travis/build/IcecaveStudios/archer/test/suite/Icecave/Archer/Console/Command/Travis/BuildCommandTest.php" line="573" assertions="8" time="0.119741"/>
    </testsuite>
    <testsuite name="Icecave\Archer\Console\Command\UpdateCommandTest" file="/home/travis/build/IcecaveStudios/archer/test/suite/Icecave/Archer/Console/Command/UpdateCommandTest.php" namespace="Icecave\Archer\Console\Command" fullPackage="Icecave.Archer.Console.Command" tests="17" assertions="132" failures="0" errors="0" time="1.887801">
      <testcase name="testConstructor" class="Icecave\Archer\Console\Command\UpdateCommandTest" file="/home/travis/build/IcecaveStudios/archer/test/suite/Icecave/Archer/Console/Command/UpdateCommandTest.php" line="94" assertions="5" time="0.098844"/>
      <testcase name="testConstructorDefaults" class="Icecave\Archer\Console\Command\UpdateCommandTest" file="/home/travis/build/IcecaveStudios/archer/test/suite/Icecave/Archer/Console/Command/UpdateCommandTest.php" line="103" assertions="5" time="0.069480"/>
      <testcase name="testExecute" class="Icecave\Archer\Console\Command\UpdateCommandTest" file="/home/travis/build/IcecaveStudios/archer/test/suite/Icecave/Archer/Console/Command/UpdateCommandTest.php" line="129" assertions="10" time="0.112121"/>
      <testcase name="testExecuteWithoutArtifactSupport" class="Icecave\Archer\Console\Command\UpdateCommandTest" file="/home/travis/build/IcecaveStudios/archer/test/suite/Icecave/Archer/Console/Command/UpdateCommandTest.php" line="150" assertions="4" time="0.095688"/>
      <testcase name="testExecuteWithAuthorizeExistingToken" class="Icecave\Archer\Console\Command\UpdateCommandTest" file="/home/travis/build/IcecaveStudios/archer/test/suite/Icecave/Archer/Console/Command/UpdateCommandTest.php" line="169" assertions="17" time="0.171322"/>
      <testcase name="testExecuteWithAuthorizeNewToken" class="Icecave\Archer\Console\Command\UpdateCommandTest" file="/home/travis/build/IcecaveStudios/archer/test/suite/Icecave/Archer/Console/Command/UpdateCommandTest.php" line="212" assertions="19" time="0.194789"/>
      <testcase name="testExecuteWithAuthorizeInteractiveCredentials" class="Icecave\Archer\Console\Command\UpdateCommandTest" file="/home/travis/build/IcecaveStudios/archer/test/suite/Icecave/Archer/Console/Command/UpdateCommandTest.php" line="272" assertions="17" time="0.176285"/>
      <testcase name="testExecuteWithAuthorizeFailureMultipleAuthorizations" class="Icecave\Archer\Console\Command\UpdateCommandTest" file="/home/travis/build/IcecaveStudios/archer/test/suite/Icecave/Archer/Console/Command/UpdateCommandTest.php" line="323" assertions="2" time="0.076715"/>
      <testcase name="testExecuteWithAuthorizeFailureIncorrectScope" class="Icecave\Archer\Console\Command\UpdateCommandTest" file="/home/travis/build/IcecaveStudios/archer/test/suite/Icecave/Archer/Console/Command/UpdateCommandTest.php" line="342" assertions="2" time="0.076530"/>
      <testcase name="testExecuteWithAuthorizeFailureParseError" class="Icecave\Archer\Console\Command\UpdateCommandTest" file="/home/travis/build/IcecaveStudios/archer/test/suite/Icecave/Archer/Console/Command/UpdateCommandTest.php" line="358" assertions="2" time="0.076082"/>
      <testcase name="testExecuteWithAuthorizeFailureWoodhouseError" class="Icecave\Archer\Console\Command\UpdateCommandTest" file="/home/travis/build/IcecaveStudios/archer/test/suite/Icecave/Archer/Console/Command/UpdateCommandTest.php" line="374" assertions="2" time="0.076374"/>
      <testcase name="testExecuteWithSuppliedToken" class="Icecave\Archer\Console\Command\UpdateCommandTest" file="/home/travis/build/IcecaveStudios/archer/test/suite/Icecave/Archer/Console/Command/UpdateCommandTest.php" line="390" assertions="15" time="0.155052"/>
      <testcase name="testExecuteWithSuppliedTokenAndExistingKey" class="Icecave\Archer\Console\Command\UpdateCommandTest" file="/home/travis/build/IcecaveStudios/archer/test/suite/Icecave/Archer/Console/Command/UpdateCommandTest.php" line="415" assertions="12" time="0.133877"/>
      <testcase name="testExecuteWithUpdatePublicKey" class="Icecave\Archer\Console\Command\UpdateCommandTest" file="/home/travis/build/IcecaveStudios/archer/test/suite/Icecave/Archer/Console/Command/UpdateCommandTest.php" line="441" assertions="12" time="0.139786"/>
      <testcase name="testExecuteFailureUnsyncedRepo" class="Icecave\Archer\Console\Command\UpdateCommandTest" file="/home/travis/build/IcecaveStudios/archer/test/suite/Icecave/Archer/Console/Command/UpdateCommandTest.php" line="463" assertions="2" time="0.078379"/>
      <testcase name="testExecuteWithInvalidToken" class="Icecave\Archer\Console\Command\UpdateCommandTest" file="/home/travis/build/IcecaveStudios/archer/test/suite/Icecave/Archer/Console/Command/UpdateCommandTest.php" line="478" assertions="3" time="0.078328"/>
      <testcase name="testExecuteWithUpdatePublicKeyAndNoToken" class="Icecave\Archer\Console\Command\UpdateCommandTest" file="/home/travis/build/IcecaveStudios/archer/test/suite/Icecave/Archer/Console/Command/UpdateCommandTest.php" line="492" assertions="3" time="0.078150"/>
    </testsuite>
    <testsuite name="Icecave\Archer\Console\Helper\HiddenInputHelperTest" file="/home/travis/build/IcecaveStudios/archer/test/suite/Icecave/Archer/Console/Helper/HiddenInputHelperTest.php" namespace="Icecave\Archer\Console\Helper" fullPackage="Icecave.Archer.Console.Helper" tests="7" assertions="28" failures="0" errors="0" time="0.207479">
      <testcase name="testConstructor" class="Icecave\Archer\Console\Helper\HiddenInputHelperTest" file="/home/travis/build/IcecaveStudios/archer/test/suite/Icecave/Archer/Console/Helper/HiddenInputHelperTest.php" line="34" assertions="2" time="0.008616"/>
      <testcase name="testConstructorDefaults" class="Icecave\Archer\Console\Helper\HiddenInputHelperTest" file="/home/travis/build/IcecaveStudios/archer/test/suite/Icecave/Archer/Console/Helper/HiddenInputHelperTest.php" line="40" assertions="1" time="0.008302"/>
      <testcase name="testAskHiddenResponseStty" class="Icecave\Archer\Console\Helper\HiddenInputHelperTest" file="/home/travis/build/IcecaveStudios/archer/test/suite/Icecave/Archer/Console/Helper/HiddenInputHelperTest.php" line="52" assertions="8" time="0.056596"/>
      <testcase name="testAskHiddenResponseSttyFailureFgets" class="Icecave\Archer\Console\Helper\HiddenInputHelperTest" file="/home/travis/build/IcecaveStudios/archer/test/suite/Icecave/Archer/Console/Helper/HiddenInputHelperTest.php" line="81" assertions="7" time="0.059472"/>
      <testcase name="testAskHiddenResponseSttyFailureExecute" class="Icecave\Archer\Console\Helper\HiddenInputHelperTest" file="/home/travis/build/IcecaveStudios/archer/test/suite/Icecave/Archer/Console/Helper/HiddenInputHelperTest.php" line="115" assertions="2" time="0.013283"/>
      <testcase name="testAskHiddenResponseWindows" class="Icecave\Archer\Console\Helper\HiddenInputHelperTest" file="/home/travis/build/IcecaveStudios/archer/test/suite/Icecave/Archer/Console/Helper/HiddenInputHelperTest.php" line="133" assertions="6" time="0.044236"/>
      <testcase name="testAskHiddenResponseWindowsFailureExecute" class="Icecave\Archer\Console\Helper\HiddenInputHelperTest" file="/home/travis/build/IcecaveStudios/archer/test/suite/Icecave/Archer/Console/Helper/HiddenInputHelperTest.php" line="155" assertions="2" time="0.016973"/>
    </testsuite>
    <testsuite name="Icecave\Archer\Coveralls\CoverallsClientTest" file="/home/travis/build/IcecaveStudios/archer/test/suite/Icecave/Archer/Coveralls/CoverallsClientTest.php" namespace="Icecave\Archer\Coveralls" fullPackage="Icecave.Archer.Coveralls" tests="3" assertions="6" failures="0" errors="0" time="0.046346">
      <testcase name="testExists" class="Icecave\Archer\Coveralls\CoverallsClientTest" file="/home/travis/build/IcecaveStudios/archer/test/suite/Icecave/Archer/Coveralls/CoverallsClientTest.php" line="23" assertions="2" time="0.016668"/>
      <testcase name="testExistsFailureHttpError" class="Icecave\Archer\Coveralls\CoverallsClientTest" file="/home/travis/build/IcecaveStudios/archer/test/suite/Icecave/Archer/Coveralls/CoverallsClientTest.php" line="34" assertions="2" time="0.013667"/>
      <testcase name="testExistsFailureJsonError" class="Icecave\Archer\Coveralls\CoverallsClientTest" file="/home/travis/build/IcecaveStudios/archer/test/suite/Icecave/Archer/Coveralls/CoverallsClientTest.php" line="45" assertions="2" time="0.016011"/>
    </testsuite>
    <testsuite name="Icecave\Archer\Coveralls\CoverallsConfigManagerTest" file="/home/travis/build/IcecaveStudios/archer/test/suite/Icecave/Archer/Coveralls/CoverallsConfigManagerTest.php" namespace="Icecave\Archer\Coveralls" fullPackage="Icecave.Archer.Coveralls" tests="4" assertions="10" failures="0" errors="0" time="0.062881">
      <testcase name="testConstructor" class="Icecave\Archer\Coveralls\CoverallsConfigManagerTest" file="/home/travis/build/IcecaveStudios/archer/test/suite/Icecave/Archer/Coveralls/CoverallsConfigManagerTest.php" line="23" assertions="2" time="0.008149"/>
      <testcase name="testConstructorDefaults" class="Icecave\Archer\Coveralls\CoverallsConfigManagerTest" file="/home/travis/build/IcecaveStudios/archer/test/suite/Icecave/Archer/Coveralls/CoverallsConfigManagerTest.php" line="29" assertions="2" time="0.008409"/>
      <testcase name="testCreateConfig" class="Icecave\Archer\Coveralls\CoverallsConfigManagerTest" file="/home/travis/build/IcecaveStudios/archer/test/suite/Icecave/Archer/Coveralls/CoverallsConfigManagerTest.php" line="43" assertions="3" time="0.023114"/>
      <testcase name="testCreateConfigSrcAsLibDir" class="Icecave\Archer\Coveralls\CoverallsConfigManagerTest" file="/home/travis/build/IcecaveStudios/archer/test/suite/Icecave/Archer/Coveralls/CoverallsConfigManagerTest.php" line="80" assertions="3" time="0.023209"/>
    </testsuite>
    <testsuite name="Icecave\Archer\Documentation\DocumentationGeneratorTest" file="/home/travis/build/IcecaveStudios/archer/test/suite/Icecave/Archer/Documentation/DocumentationGeneratorTest.php" namespace="Icecave\Archer\Documentation" fullPackage="Icecave.Archer.Documentation" tests="17" assertions="32" failures="0" errors="0" time="0.833829">
      <testcase name="testConstructor" class="Icecave\Archer\Documentation\DocumentationGeneratorTest" file="/home/travis/build/IcecaveStudios/archer/test/suite/Icecave/Archer/Documentation/DocumentationGeneratorTest.php" line="54" assertions="2" time="0.052494"/>
      <testcase name="testConstructorDefaults" class="Icecave\Archer\Documentation\DocumentationGeneratorTest" file="/home/travis/build/IcecaveStudios/archer/test/suite/Icecave/Archer/Documentation/DocumentationGeneratorTest.php" line="63" assertions="2" time="0.021752"/>
      <testcase name="testGenerate" class="Icecave\Archer\Documentation\DocumentationGeneratorTest" file="/home/travis/build/IcecaveStudios/archer/test/suite/Icecave/Archer/Documentation/DocumentationGeneratorTest.php" line="77" assertions="4" time="0.070267"/>
      <testcase name="testGenerateDefaultPath" class="Icecave\Archer\Documentation\DocumentationGeneratorTest" file="/home/travis/build/IcecaveStudios/archer/test/suite/Icecave/Archer/Documentation/DocumentationGeneratorTest.php" line="111" assertions="4" time="0.069697"/>
      <testcase name="testGenerateBuildDirNonExistant" class="Icecave\Archer\Documentation\DocumentationGeneratorTest" file="/home/travis/build/IcecaveStudios/archer/test/suite/Icecave/Archer/Documentation/DocumentationGeneratorTest.php" line="145" assertions="4" time="0.066529"/>
      <testcase name="testSourcePath" class="Icecave\Archer\Documentation\DocumentationGeneratorTest" file="/home/travis/build/IcecaveStudios/archer/test/suite/Icecave/Archer/Documentation/DocumentationGeneratorTest.php" line="179" assertions="2" time="0.031648"/>
      <testcase name="testProjectNameWithSingleNamespace" class="Icecave\Archer\Documentation\DocumentationGeneratorTest" file="/home/travis/build/IcecaveStudios/archer/test/suite/Icecave/Archer/Documentation/DocumentationGeneratorTest.php" line="196" assertions="1" time="0.031234"/>
      <testcase name="testProjectNameFallback" class="Icecave\Archer\Documentation\DocumentationGeneratorTest" file="/home/travis/build/IcecaveStudios/archer/test/suite/Icecave/Archer/Documentation/DocumentationGeneratorTest.php" line="209" assertions="1" time="0.027343"/>
      <testcase name="testOpenedLevelWithSingleNamespace" class="Icecave\Archer\Documentation\DocumentationGeneratorTest" file="/home/travis/build/IcecaveStudios/archer/test/suite/Icecave/Archer/Documentation/DocumentationGeneratorTest.php" line="222" assertions="1" time="0.022071"/>
      <testcase name="testOpenedLevelFallback" class="Icecave\Archer\Documentation\DocumentationGeneratorTest" file="/home/travis/build/IcecaveStudios/archer/test/suite/Icecave/Archer/Documentation/DocumentationGeneratorTest.php" line="235" assertions="1" time="0.023065"/>
      <testcase name="testOpenedLevelFallbackNoEntries" class="Icecave\Archer\Documentation\DocumentationGeneratorTest" file="/home/travis/build/IcecaveStudios/archer/test/suite/Icecave/Archer/Documentation/DocumentationGeneratorTest.php" line="248" assertions="1" time="0.026081"/>
      <testcase name="testOpenedLevelFallbackNamespaceTooShort" class="Icecave\Archer\Documentation\DocumentationGeneratorTest" file="/home/travis/build/IcecaveStudios/archer/test/suite/Icecave/Archer/Documentation/DocumentationGeneratorTest.php" line="261" assertions="1" time="0.024479"/>
      <testcase name="testProjectNameFailureUndefined" class="Icecave\Archer\Documentation\DocumentationGeneratorTest" file="/home/travis/build/IcecaveStudios/archer/test/suite/Icecave/Archer/Documentation/DocumentationGeneratorTest.php" line="274" assertions="1" time="0.026030"/>
      <testcase name="testCreateFinder" class="Icecave\Archer\Documentation\DocumentationGeneratorTest" file="/home/travis/build/IcecaveStudios/archer/test/suite/Icecave/Archer/Documentation/DocumentationGeneratorTest.php" line="282" assertions="1" time="0.149095"/>
      <testcase name="testCreateSami" class="Icecave\Archer\Documentation\DocumentationGeneratorTest" file="/home/travis/build/IcecaveStudios/archer/test/suite/Icecave/Archer/Documentation/DocumentationGeneratorTest.php" line="290" assertions="1" time="0.099816"/>
      <testcase name="testPopErrorHandlers" class="Icecave\Archer\Documentation\DocumentationGeneratorTest" file="/home/travis/build/IcecaveStudios/archer/test/suite/Icecave/Archer/Documentation/DocumentationGeneratorTest.php" line="299" assertions="3" time="0.062822"/>
      <testcase name="testPushErrorHandlers" class="Icecave\Archer\Documentation\DocumentationGeneratorTest" file="/home/travis/build/IcecaveStudios/archer/test/suite/Icecave/Archer/Documentation/DocumentationGeneratorTest.php" line="332" assertions="2" time="0.029407"/>
    </testsuite>
    <testsuite name="Icecave\Archer\FileSystem\Exception\ReadExceptionTest" file="/home/travis/build/IcecaveStudios/archer/test/suite/Icecave/Archer/FileSystem/Exception/ReadExceptionTest.php" namespace="Icecave\Archer\FileSystem\Exception" fullPackage="Icecave.Archer.FileSystem.Exception" tests="1" assertions="4" failures="0" errors="0" time="0.005698">
      <testcase name="testException" class="Icecave\Archer\FileSystem\Exception\ReadExceptionTest" file="/home/travis/build/IcecaveStudios/archer/test/suite/Icecave/Archer/FileSystem/Exception/ReadExceptionTest.php" line="9" assertions="4" time="0.005698"/>
    </testsuite>
    <testsuite name="Icecave\Archer\FileSystem\Exception\WriteExceptionTest" file="/home/travis/build/IcecaveStudios/archer/test/suite/Icecave/Archer/FileSystem/Exception/WriteExceptionTest.php" namespace="Icecave\Archer\FileSystem\Exception" fullPackage="Icecave.Archer.FileSystem.Exception" tests="1" assertions="4" failures="0" errors="0" time="0.006307">
      <testcase name="testException" class="Icecave\Archer\FileSystem\Exception\WriteExceptionTest" file="/home/travis/build/IcecaveStudios/archer/test/suite/Icecave/Archer/FileSystem/Exception/WriteExceptionTest.php" line="9" assertions="4" time="0.006307"/>
    </testsuite>
    <testsuite name="Icecave\Archer\FileSystem\FileSystemTest" file="/home/travis/build/IcecaveStudios/archer/test/suite/Icecave/Archer/FileSystem/FileSystemTest.php" namespace="Icecave\Archer\FileSystem" fullPackage="Icecave.Archer.FileSystem" tests="30" assertions="68" failures="0" errors="0" time="0.568932">
      <testcase name="testExists" class="Icecave\Archer\FileSystem\FileSystemTest" file="/home/travis/build/IcecaveStudios/archer/test/suite/Icecave/Archer/FileSystem/FileSystemTest.php" line="17" assertions="4" time="0.019315"/>
      <testcase name="testExistsFailure" class="Icecave\Archer\FileSystem\FileSystemTest" file="/home/travis/build/IcecaveStudios/archer/test/suite/Icecave/Archer/FileSystem/FileSystemTest.php" line="33" assertions="1" time="0.009474"/>
      <testcase name="testFileExists" class="Icecave\Archer\FileSystem\FileSystemTest" file="/home/travis/build/IcecaveStudios/archer/test/suite/Icecave/Archer/FileSystem/FileSystemTest.php" line="46" assertions="4" time="0.018096"/>
      <testcase name="testFileExistsFailure" class="Icecave\Archer\FileSystem\FileSystemTest" file="/home/travis/build/IcecaveStudios/archer/test/suite/Icecave/Archer/FileSystem/FileSystemTest.php" line="62" assertions="1" time="0.009533"/>
      <testcase name="testDirectoryExists" class="Icecave\Archer\FileSystem\FileSystemTest" file="/home/travis/build/IcecaveStudios/archer/test/suite/Icecave/Archer/FileSystem/FileSystemTest.php" line="75" assertions="4" time="0.017971"/>
      <testcase name="testDirectoryExistsFailure" class="Icecave\Archer\FileSystem\FileSystemTest" file="/home/travis/build/IcecaveStudios/archer/test/suite/Icecave/Archer/FileSystem/FileSystemTest.php" line="91" assertions="1" time="0.009504"/>
      <testcase name="testRead" class="Icecave\Archer\FileSystem\FileSystemTest" file="/home/travis/build/IcecaveStudios/archer/test/suite/Icecave/Archer/FileSystem/FileSystemTest.php" line="104" assertions="2" time="0.010974"/>
      <testcase name="testReadFailure" class="Icecave\Archer\FileSystem\FileSystemTest" file="/home/travis/build/IcecaveStudios/archer/test/suite/Icecave/Archer/FileSystem/FileSystemTest.php" line="115" assertions="1" time="0.009651"/>
      <testcase name="testListPaths" class="Icecave\Archer\FileSystem\FileSystemTest" file="/home/travis/build/IcecaveStudios/archer/test/suite/Icecave/Archer/FileSystem/FileSystemTest.php" line="128" assertions="2" time="0.011413"/>
      <testcase name="testListPathsFailure" class="Icecave\Archer\FileSystem\FileSystemTest" file="/home/travis/build/IcecaveStudios/archer/test/suite/Icecave/Archer/FileSystem/FileSystemTest.php" line="139" assertions="1" time="0.009936"/>
      <testcase name="testWrite" class="Icecave\Archer\FileSystem\FileSystemTest" file="/home/travis/build/IcecaveStudios/archer/test/suite/Icecave/Archer/FileSystem/FileSystemTest.php" line="152" assertions="4" time="0.033937"/>
      <testcase name="testWriteCreateParentDirectory" class="Icecave\Archer\FileSystem\FileSystemTest" file="/home/travis/build/IcecaveStudios/archer/test/suite/Icecave/Archer/FileSystem/FileSystemTest.php" line="172" assertions="4" time="0.038401"/>
      <testcase name="testWriteFailure" class="Icecave\Archer\FileSystem\FileSystemTest" file="/home/travis/build/IcecaveStudios/archer/test/suite/Icecave/Archer/FileSystem/FileSystemTest.php" line="192" assertions="1" time="0.013527"/>
      <testcase name="testWriteFailureDirname" class="Icecave\Archer\FileSystem\FileSystemTest" file="/home/travis/build/IcecaveStudios/archer/test/suite/Icecave/Archer/FileSystem/FileSystemTest.php" line="213" assertions="1" time="0.009667"/>
      <testcase name="testCopy" class="Icecave\Archer\FileSystem\FileSystemTest" file="/home/travis/build/IcecaveStudios/archer/test/suite/Icecave/Archer/FileSystem/FileSystemTest.php" line="226" assertions="4" time="0.030389"/>
      <testcase name="testCopyCreateParentDirectory" class="Icecave\Archer\FileSystem\FileSystemTest" file="/home/travis/build/IcecaveStudios/archer/test/suite/Icecave/Archer/FileSystem/FileSystemTest.php" line="246" assertions="4" time="0.036602"/>
      <testcase name="testCopyFailure" class="Icecave\Archer\FileSystem\FileSystemTest" file="/home/travis/build/IcecaveStudios/archer/test/suite/Icecave/Archer/FileSystem/FileSystemTest.php" line="266" assertions="1" time="0.013334"/>
      <testcase name="testCopyFailureDirname" class="Icecave\Archer\FileSystem\FileSystemTest" file="/home/travis/build/IcecaveStudios/archer/test/suite/Icecave/Archer/FileSystem/FileSystemTest.php" line="287" assertions="1" time="0.009528"/>
      <testcase name="testMove" class="Icecave\Archer\FileSystem\FileSystemTest" file="/home/travis/build/IcecaveStudios/archer/test/suite/Icecave/Archer/FileSystem/FileSystemTest.php" line="300" assertions="4" time="0.030081"/>
      <testcase name="testMoveCreateParentDirectory" class="Icecave\Archer\FileSystem\FileSystemTest" file="/home/travis/build/IcecaveStudios/archer/test/suite/Icecave/Archer/FileSystem/FileSystemTest.php" line="320" assertions="4" time="0.037298"/>
      <testcase name="testMoveFailure" class="Icecave\Archer\FileSystem\FileSystemTest" file="/home/travis/build/IcecaveStudios/archer/test/suite/Icecave/Archer/FileSystem/FileSystemTest.php" line="340" assertions="1" time="0.013341"/>
      <testcase name="testMoveFailureDirname" class="Icecave\Archer\FileSystem\FileSystemTest" file="/home/travis/build/IcecaveStudios/archer/test/suite/Icecave/Archer/FileSystem/FileSystemTest.php" line="361" assertions="1" time="0.009545"/>
      <testcase name="testCreateDirectory" class="Icecave\Archer\FileSystem\FileSystemTest" file="/home/travis/build/IcecaveStudios/archer/test/suite/Icecave/Archer/FileSystem/FileSystemTest.php" line="374" assertions="1" time="0.011269"/>
      <testcase name="testCreateDirectoryFailure" class="Icecave\Archer\FileSystem\FileSystemTest" file="/home/travis/build/IcecaveStudios/archer/test/suite/Icecave/Archer/FileSystem/FileSystemTest.php" line="381" assertions="1" time="0.009398"/>
      <testcase name="testChmod" class="Icecave\Archer\FileSystem\FileSystemTest" file="/home/travis/build/IcecaveStudios/archer/test/suite/Icecave/Archer/FileSystem/FileSystemTest.php" line="394" assertions="1" time="0.010475"/>
      <testcase name="testChmodFailure" class="Icecave\Archer\FileSystem\FileSystemTest" file="/home/travis/build/IcecaveStudios/archer/test/suite/Icecave/Archer/FileSystem/FileSystemTest.php" line="401" assertions="1" time="0.009459"/>
      <testcase name="testDeleteFile" class="Icecave\Archer\FileSystem\FileSystemTest" file="/home/travis/build/IcecaveStudios/archer/test/suite/Icecave/Archer/FileSystem/FileSystemTest.php" line="414" assertions="3" time="0.020379"/>
      <testcase name="testDeleteFileFailure" class="Icecave\Archer\FileSystem\FileSystemTest" file="/home/travis/build/IcecaveStudios/archer/test/suite/Icecave/Archer/FileSystem/FileSystemTest.php" line="429" assertions="1" time="0.011406"/>
      <testcase name="testDeleteDirectory" class="Icecave\Archer\FileSystem\FileSystemTest" file="/home/travis/build/IcecaveStudios/archer/test/suite/Icecave/Archer/FileSystem/FileSystemTest.php" line="446" assertions="8" time="0.081317"/>
      <testcase name="testDeleteDirectoryFailure" class="Icecave\Archer\FileSystem\FileSystemTest" file="/home/travis/build/IcecaveStudios/archer/test/suite/Icecave/Archer/FileSystem/FileSystemTest.php" line="471" assertions="1" time="0.013712"/>
    </testsuite>
    <testsuite name="Icecave\Archer\Git\GitConfigReaderFactoryTest" file="/home/travis/build/IcecaveStudios/archer/test/suite/Icecave/Archer/Git/GitConfigReaderFactoryTest.php" namespace="Icecave\Archer\Git" fullPackage="Icecave.Archer.Git" tests="1" assertions="1" failures="0" errors="0" time="0.009019">
      <testcase name="testCreate" class="Icecave\Archer\Git\GitConfigReaderFactoryTest" file="/home/travis/build/IcecaveStudios/archer/test/suite/Icecave/Archer/Git/GitConfigReaderFactoryTest.php" line="15" assertions="1" time="0.009019"/>
    </testsuite>
    <testsuite name="Icecave\Archer\Git\GitConfigReaderTest" file="/home/travis/build/IcecaveStudios/archer/test/suite/Icecave/Archer/Git/GitConfigReaderTest.php" namespace="Icecave\Archer\Git" fullPackage="Icecave.Archer.Git" tests="8" assertions="15" failures="0" errors="0" time="0.110197">
      <testcase name="testConstructor" class="Icecave\Archer\Git\GitConfigReaderTest" file="/home/travis/build/IcecaveStudios/archer/test/suite/Icecave/Archer/Git/GitConfigReaderTest.php" line="58" assertions="2" time="0.009534"/>
      <testcase name="testConstructorDefaults" class="Icecave\Archer\Git\GitConfigReaderTest" file="/home/travis/build/IcecaveStudios/archer/test/suite/Icecave/Archer/Git/GitConfigReaderTest.php" line="64" assertions="1" time="0.009487"/>
      <testcase name="testGet" class="Icecave\Archer\Git\GitConfigReaderTest" file="/home/travis/build/IcecaveStudios/archer/test/suite/Icecave/Archer/Git/GitConfigReaderTest.php" line="76" assertions="4" time="0.015891"/>
      <testcase name="testRepositoryOwner" class="Icecave\Archer\Git\GitConfigReaderTest" file="/home/travis/build/IcecaveStudios/archer/test/suite/Icecave/Archer/Git/GitConfigReaderTest.php" line="84" assertions="1" time="0.013993"/>
      <testcase name="testRepositoryOwnerFailure" class="Icecave\Archer\Git\GitConfigReaderTest" file="/home/travis/build/IcecaveStudios/archer/test/suite/Icecave/Archer/Git/GitConfigReaderTest.php" line="89" assertions="2" time="0.015504"/>
      <testcase name="testRepositoryName" class="Icecave\Archer\Git\GitConfigReaderTest" file="/home/travis/build/IcecaveStudios/archer/test/suite/Icecave/Archer/Git/GitConfigReaderTest.php" line="107" assertions="1" time="0.013956"/>
      <testcase name="testRepositoryNameFailure" class="Icecave\Archer\Git\GitConfigReaderTest" file="/home/travis/build/IcecaveStudios/archer/test/suite/Icecave/Archer/Git/GitConfigReaderTest.php" line="112" assertions="2" time="0.015432"/>
      <testcase name="testParseFailure" class="Icecave\Archer\Git\GitConfigReaderTest" file="/home/travis/build/IcecaveStudios/archer/test/suite/Icecave/Archer/Git/GitConfigReaderTest.php" line="130" assertions="2" time="0.016401"/>
    </testsuite>
    <testsuite name="Icecave\Archer\Git\GitDotFilesManagerTest" file="/home/travis/build/IcecaveStudios/archer/test/suite/Icecave/Archer/Git/GitDotFilesManagerTest.php" namespace="Icecave\Archer\Git" fullPackage="Icecave.Archer.Git" tests="7" assertions="28" failures="0" errors="0" time="0.219089">
      <testcase name="testConstructor" class="Icecave\Archer\Git\GitDotFilesManagerTest" file="/home/travis/build/IcecaveStudios/archer/test/suite/Icecave/Archer/Git/GitDotFilesManagerTest.php" line="32" assertions="1" time="0.009390"/>
      <testcase name="testConstructorDefaults" class="Icecave\Archer\Git\GitDotFilesManagerTest" file="/home/travis/build/IcecaveStudios/archer/test/suite/Icecave/Archer/Git/GitDotFilesManagerTest.php" line="37" assertions="1" time="0.009537"/>
      <testcase name="testUpdateDotFiles" class="Icecave\Archer\Git\GitDotFilesManagerTest" file="/home/travis/build/IcecaveStudios/archer/test/suite/Icecave/Archer/Git/GitDotFilesManagerTest.php" line="47" assertions="7" time="0.049222"/>
      <testcase name="testUpdateDotFilesAppend" class="Icecave\Archer\Git\GitDotFilesManagerTest" file="/home/travis/build/IcecaveStudios/archer/test/suite/Icecave/Archer/Git/GitDotFilesManagerTest.php" line="76" assertions="5" time="0.037577"/>
      <testcase name="testUpdateDotFilesReplace" class="Icecave\Archer\Git\GitDotFilesManagerTest" file="/home/travis/build/IcecaveStudios/archer/test/suite/Icecave/Archer/Git/GitDotFilesManagerTest.php" line="109" assertions="5" time="0.037765"/>
      <testcase name="testUpdateDotFilesNoChange" class="Icecave\Archer\Git\GitDotFilesManagerTest" file="/home/travis/build/IcecaveStudios/archer/test/suite/Icecave/Archer/Git/GitDotFilesManagerTest.php" line="149" assertions="4" time="0.036708"/>
      <testcase name="testUpdateDotFilesMissingTags" class="Icecave\Archer\Git\GitDotFilesManagerTest" file="/home/travis/build/IcecaveStudios/archer/test/suite/Icecave/Archer/Git/GitDotFilesManagerTest.php" line="182" assertions="5" time="0.038890"/>
    </testsuite>
    <testsuite name="Icecave\Archer\GitHub\GitHubClientTest" file="/home/travis/build/IcecaveStudios/archer/test/suite/Icecave/Archer/GitHub/GitHubClientTest.php" namespace="Icecave\Archer\GitHub" fullPackage="Icecave.Archer.GitHub" tests="10" assertions="26" failures="0" errors="0" time="0.153143">
      <testcase name="testValidateToken" class="Icecave\Archer\GitHub\GitHubClientTest" file="/home/travis/build/IcecaveStudios/archer/test/suite/Icecave/Archer/GitHub/GitHubClientTest.php" line="18" assertions="5" time="0.008624"/>
      <testcase name="testDefaultBranch" class="Icecave\Archer\GitHub\GitHubClientTest" file="/home/travis/build/IcecaveStudios/archer/test/suite/Icecave/Archer/GitHub/GitHubClientTest.php" line="35" assertions="2" time="0.014396"/>
      <testcase name="testDefaultBranchUsingMasterBranch" class="Icecave\Archer\GitHub\GitHubClientTest" file="/home/travis/build/IcecaveStudios/archer/test/suite/Icecave/Archer/GitHub/GitHubClientTest.php" line="50" assertions="2" time="0.014236"/>
      <testcase name="testDefaultBranchFallback" class="Icecave\Archer\GitHub\GitHubClientTest" file="/home/travis/build/IcecaveStudios/archer/test/suite/Icecave/Archer/GitHub/GitHubClientTest.php" line="64" assertions="2" time="0.014600"/>
      <testcase name="testSetAuthToken" class="Icecave\Archer\GitHub\GitHubClientTest" file="/home/travis/build/IcecaveStudios/archer/test/suite/Icecave/Archer/GitHub/GitHubClientTest.php" line="75" assertions="2" time="0.010429"/>
      <testcase name="testSetAuthTokenFailure" class="Icecave\Archer\GitHub\GitHubClientTest" file="/home/travis/build/IcecaveStudios/archer/test/suite/Icecave/Archer/GitHub/GitHubClientTest.php" line="86" assertions="3" time="0.010026"/>
      <testcase name="testSetUserAgent" class="Icecave\Archer\GitHub\GitHubClientTest" file="/home/travis/build/IcecaveStudios/archer/test/suite/Icecave/Archer/GitHub/GitHubClientTest.php" line="94" assertions="2" time="0.010446"/>
      <testcase name="testApiGet" class="Icecave\Archer\GitHub\GitHubClientTest" file="/home/travis/build/IcecaveStudios/archer/test/suite/Icecave/Archer/GitHub/GitHubClientTest.php" line="103" assertions="2" time="0.021536"/>
      <testcase name="testApiGetWithUserAgent" class="Icecave\Archer\GitHub\GitHubClientTest" file="/home/travis/build/IcecaveStudios/archer/test/suite/Icecave/Archer/GitHub/GitHubClientTest.php" line="119" assertions="3" time="0.024796"/>
      <testcase name="testApiGetWithAuthToken" class="Icecave\Archer\GitHub\GitHubClientTest" file="/home/travis/build/IcecaveStudios/archer/test/suite/Icecave/Archer/GitHub/GitHubClientTest.php" line="148" assertions="3" time="0.024054"/>
    </testsuite>
    <testsuite name="Icecave\Archer\Process\PHPUnitExecutableFinderTest" file="/home/travis/build/IcecaveStudios/archer/test/suite/Icecave/Archer/Process/PHPUnitExecutableFinderTest.php" namespace="Icecave\Archer\Process" fullPackage="Icecave.Archer.Process" tests="6" assertions="14" failures="0" errors="0" time="0.083944">
      <testcase name="testConstructor" class="Icecave\Archer\Process\PHPUnitExecutableFinderTest" file="/home/travis/build/IcecaveStudios/archer/test/suite/Icecave/Archer/Process/PHPUnitExecutableFinderTest.php" line="30" assertions="2" time="0.010690"/>
      <testcase name="testConstructorDefaults" class="Icecave\Archer\Process\PHPUnitExecutableFinderTest" file="/home/travis/build/IcecaveStudios/archer/test/suite/Icecave/Archer/Process/PHPUnitExecutableFinderTest.php" line="36" assertions="2" time="0.008397"/>
      <testcase name="testFindGeneric" class="Icecave\Archer\Process\PHPUnitExecutableFinderTest" file="/home/travis/build/IcecaveStudios/archer/test/suite/Icecave/Archer/Process/PHPUnitExecutableFinderTest.php" line="50" assertions="2" time="0.012512"/>
      <testcase name="testFindGenericFailure" class="Icecave\Archer\Process\PHPUnitExecutableFinderTest" file="/home/travis/build/IcecaveStudios/archer/test/suite/Icecave/Archer/Process/PHPUnitExecutableFinderTest.php" line="65" assertions="2" time="0.010605"/>
      <testcase name="testFindTravis" class="Icecave\Archer\Process\PHPUnitExecutableFinderTest" file="/home/travis/build/IcecaveStudios/archer/test/suite/Icecave/Archer/Process/PHPUnitExecutableFinderTest.php" line="84" assertions="4" time="0.025104"/>
      <testcase name="testFindTravisFailure" class="Icecave\Archer\Process\PHPUnitExecutableFinderTest" file="/home/travis/build/IcecaveStudios/archer/test/suite/Icecave/Archer/Process/PHPUnitExecutableFinderTest.php" line="112" assertions="2" time="0.016636"/>
    </testsuite>
    <testsuite name="Icecave\Archer\Process\ProcessFactoryTest" file="/home/travis/build/IcecaveStudios/archer/test/suite/Icecave/Archer/Process/ProcessFactoryTest.php" namespace="Icecave\Archer\Process" fullPackage="Icecave.Archer.Process" tests="1" assertions="2" failures="0" errors="0" time="0.063634">
      <testcase name="testFactory" class="Icecave\Archer\Process\ProcessFactoryTest" file="/home/travis/build/IcecaveStudios/archer/test/suite/Icecave/Archer/Process/ProcessFactoryTest.php" line="16" assertions="2" time="0.063634"/>
    </testsuite>
    <testsuite name="Icecave\Archer\Support\AsplodeTest" file="/home/travis/build/IcecaveStudios/archer/test/suite/Icecave/Archer/Support/AsplodeTest.php" namespace="Icecave\Archer\Support" fullPackage="Icecave.Archer.Support" tests="6" assertions="11" failures="0" errors="0" time="0.049624">
      <testcase name="testInstance" class="Icecave\Archer\Support\AsplodeTest" file="/home/travis/build/IcecaveStudios/archer/test/suite/Icecave/Archer/Support/AsplodeTest.php" line="18" assertions="1" time="0.006851"/>
      <testcase name="testInstall" class="Icecave\Archer\Support\AsplodeTest" file="/home/travis/build/IcecaveStudios/archer/test/suite/Icecave/Archer/Support/AsplodeTest.php" line="23" assertions="1" time="0.010310"/>
      <testcase name="testInstallFailure" class="Icecave\Archer\Support\AsplodeTest" file="/home/travis/build/IcecaveStudios/archer/test/suite/Icecave/Archer/Support/AsplodeTest.php" line="30" assertions="2" time="0.007820"/>
      <testcase name="testUninstall" class="Icecave\Archer\Support\AsplodeTest" file="/home/travis/build/IcecaveStudios/archer/test/suite/Icecave/Archer/Support/AsplodeTest.php" line="38" assertions="1" time="0.011068"/>
      <testcase name="testUninstallFailure" class="Icecave\Archer\Support\AsplodeTest" file="/home/travis/build/IcecaveStudios/archer/test/suite/Icecave/Archer/Support/AsplodeTest.php" line="46" assertions="2" time="0.006622"/>
      <testcase name="testHandleError" class="Icecave\Archer\Support\AsplodeTest" file="/home/travis/build/IcecaveStudios/archer/test/suite/Icecave/Archer/Support/AsplodeTest.php" line="52" assertions="4" time="0.006953"/>
    </testsuite>
    <testsuite name="Icecave\Archer\Support\IsolatorTest" file="/home/travis/build/IcecaveStudios/archer/test/suite/Icecave/Archer/Support/IsolatorTest.php" namespace="Icecave\Archer\Support" fullPackage="Icecave.Archer.Support" tests="9" assertions="15" failures="0" errors="0" time="0.045583">
      <testcase name="testGet" class="Icecave\Archer\Support\IsolatorTest" file="/home/travis/build/IcecaveStudios/archer/test/suite/Icecave/Archer/Support/IsolatorTest.php" line="13" assertions="3" time="0.005256"/>
      <testcase name="testClassName" class="Icecave\Archer\Support\IsolatorTest" file="/home/travis/build/IcecaveStudios/archer/test/suite/Icecave/Archer/Support/IsolatorTest.php" line="24" assertions="1" time="0.004690"/>
      <testcase name="testCall" class="Icecave\Archer\Support\IsolatorTest" file="/home/travis/build/IcecaveStudios/archer/test/suite/Icecave/Archer/Support/IsolatorTest.php" line="31" assertions="1" time="0.004553"/>
      <testcase name="testEcho" class="Icecave\Archer\Support\IsolatorTest" file="/home/travis/build/IcecaveStudios/archer/test/suite/Icecave/Archer/Support/IsolatorTest.php" line="37" assertions="1" time="0.005370"/>
      <testcase name="testEval" class="Icecave\Archer\Support\IsolatorTest" file="/home/travis/build/IcecaveStudios/archer/test/suite/Icecave/Archer/Support/IsolatorTest.php" line="44" assertions="1" time="0.004677"/>
      <testcase name="testInclude" class="Icecave\Archer\Support\IsolatorTest" file="/home/travis/build/IcecaveStudios/archer/test/suite/Icecave/Archer/Support/IsolatorTest.php" line="50" assertions="2" time="0.005224"/>
      <testcase name="testIncludeOnce" class="Icecave\Archer\Support\IsolatorTest" file="/home/travis/build/IcecaveStudios/archer/test/suite/Icecave/Archer/Support/IsolatorTest.php" line="59" assertions="2" time="0.005215"/>
      <testcase name="testRequire" class="Icecave\Archer\Support\IsolatorTest" file="/home/travis/build/IcecaveStudios/archer/test/suite/Icecave/Archer/Support/IsolatorTest.php" line="68" assertions="2" time="0.005153"/>
      <testcase name="testRequireOnce" class="Icecave\Archer\Support\IsolatorTest" file="/home/travis/build/IcecaveStudios/archer/test/suite/Icecave/Archer/Support/IsolatorTest.php" line="77" assertions="2" time="0.005445"/>
    </testsuite>
    <testsuite name="Icecave\Archer\Support\Liftoff\Exception\LauncherTest" file="/home/travis/build/IcecaveStudios/archer/test/suite/Icecave/Archer/Support/Liftoff/Exception/LaunchExceptionTest.php" namespace="Icecave\Archer\Support\Liftoff\Exception" fullPackage="Icecave.Archer.Support.Liftoff.Exception" tests="1" assertions="4" failures="0" errors="0" time="0.006051">
      <testcase name="testException" class="Icecave\Archer\Support\Liftoff\Exception\LauncherTest" file="/home/travis/build/IcecaveStudios/archer/test/suite/Icecave/Archer/Support/Liftoff/Exception/LaunchExceptionTest.php" line="19" assertions="4" time="0.006051"/>
    </testsuite>
    <testsuite name="Icecave\Archer\Support\Liftoff\LauncherTest" file="/home/travis/build/IcecaveStudios/archer/test/suite/Icecave/Archer/Support/Liftoff/LauncherTest.php" namespace="Icecave\Archer\Support\Liftoff" fullPackage="Icecave.Archer.Support.Liftoff" tests="7" assertions="32" failures="0" errors="0" time="0.352525">
      <testsuite name="Icecave\Archer\Support\Liftoff\LauncherTest::testLaunch" tests="6" assertions="30" failures="0" errors="0" time="0.342480">
        <testcase name="testLaunch with data set &quot;OSX&quot;" assertions="5" time="0.056960"/>
        <testcase name="testLaunch with data set &quot;OSX with arguments&quot;" assertions="5" time="0.057117"/>
        <testcase name="testLaunch with data set &quot;Windows&quot;" assertions="5" time="0.058703"/>
        <testcase name="testLaunch with data set &quot;Windows with arguments&quot;" assertions="5" time="0.056413"/>
        <testcase name="testLaunch with data set &quot;Unix&quot;" assertions="5" time="0.056546"/>
        <testcase name="testLaunch with data set &quot;Unix with arguments&quot;" assertions="5" time="0.056741"/>
      </testsuite>
      <testcase name="testLaunchFailure" class="Icecave\Archer\Support\Liftoff\LauncherTest" file="/home/travis/build/IcecaveStudios/archer/test/suite/Icecave/Archer/Support/Liftoff/LauncherTest.php" line="70" assertions="2" time="0.010044"/>
    </testsuite>
    <testsuite name="Icecave\Archer\Travis\TravisClientTest" file="/home/travis/build/IcecaveStudios/archer/test/suite/Icecave/Archer/Travis/TravisClientTest.php" namespace="Icecave\Archer\Travis" fullPackage="Icecave.Archer.Travis" tests="6" assertions="10" failures="0" errors="0" time="0.087587">
      <testcase name="testConstructor" class="Icecave\Archer\Travis\TravisClientTest" file="/home/travis/build/IcecaveStudios/archer/test/suite/Icecave/Archer/Travis/TravisClientTest.php" line="21" assertions="1" time="0.007097"/>
      <testcase name="testConstructorDefaults" class="Icecave\Archer\Travis\TravisClientTest" file="/home/travis/build/IcecaveStudios/archer/test/suite/Icecave/Archer/Travis/TravisClientTest.php" line="26" assertions="1" time="0.029459"/>
      <testcase name="testPublicKey" class="Icecave\Archer\Travis\TravisClientTest" file="/home/travis/build/IcecaveStudios/archer/test/suite/Icecave/Archer/Travis/TravisClientTest.php" line="36" assertions="2" time="0.011963"/>
      <testcase name="testEncryptEnvironment" class="Icecave\Archer\Travis\TravisClientTest" file="/home/travis/build/IcecaveStudios/archer/test/suite/Icecave/Archer/Travis/TravisClientTest.php" line="49" assertions="2" time="0.014780"/>
      <testcase name="testEncrypt" class="Icecave\Archer\Travis\TravisClientTest" file="/home/travis/build/IcecaveStudios/archer/test/suite/Icecave/Archer/Travis/TravisClientTest.php" line="70" assertions="2" time="0.014721"/>
      <testcase name="testEncryptFailure" class="Icecave\Archer\Travis\TravisClientTest" file="/home/travis/build/IcecaveStudios/archer/test/suite/Icecave/Archer/Travis/TravisClientTest.php" line="91" assertions="2" time="0.009567"/>
    </testsuite>
    <testsuite name="Icecave\Archer\Travis\TravisConfigManagerTest" file="/home/travis/build/IcecaveStudios/archer/test/suite/Icecave/Archer/Travis/TravisConfigManagerTest.php" namespace="Icecave\Archer\Travis" fullPackage="Icecave.Archer.Travis" tests="16" assertions="54" failures="0" errors="0" time="0.395848">
      <testcase name="testConstructor" class="Icecave\Archer\Travis\TravisConfigManagerTest" file="/home/travis/build/IcecaveStudios/archer/test/suite/Icecave/Archer/Travis/TravisConfigManagerTest.php" line="26" assertions="3" time="0.009844"/>
      <testcase name="testConstructorDefaults" class="Icecave\Archer\Travis\TravisConfigManagerTest" file="/home/travis/build/IcecaveStudios/archer/test/suite/Icecave/Archer/Travis/TravisConfigManagerTest.php" line="33" assertions="3" time="0.010412"/>
      <testcase name="testPublicKeyCache" class="Icecave\Archer\Travis\TravisConfigManagerTest" file="/home/travis/build/IcecaveStudios/archer/test/suite/Icecave/Archer/Travis/TravisConfigManagerTest.php" line="51" assertions="2" time="0.014595"/>
      <testcase name="testPublicKeyCacheExists" class="Icecave\Archer\Travis\TravisConfigManagerTest" file="/home/travis/build/IcecaveStudios/archer/test/suite/Icecave/Archer/Travis/TravisConfigManagerTest.php" line="62" assertions="3" time="0.021023"/>
      <testcase name="testSetPublicKeyCache" class="Icecave\Archer\Travis\TravisConfigManagerTest" file="/home/travis/build/IcecaveStudios/archer/test/suite/Icecave/Archer/Travis/TravisConfigManagerTest.php" line="80" assertions="3" time="0.019985"/>
      <testcase name="testSetPublicKeyCacheSame" class="Icecave\Archer\Travis\TravisConfigManagerTest" file="/home/travis/build/IcecaveStudios/archer/test/suite/Icecave/Archer/Travis/TravisConfigManagerTest.php" line="94" assertions="4" time="0.025125"/>
      <testcase name="testSetPublicKeyCacheDelete" class="Icecave\Archer\Travis\TravisConfigManagerTest" file="/home/travis/build/IcecaveStudios/archer/test/suite/Icecave/Archer/Travis/TravisConfigManagerTest.php" line="114" assertions="4" time="0.026318"/>
      <testcase name="testSecureEnvironmentCache" class="Icecave\Archer\Travis\TravisConfigManagerTest" file="/home/travis/build/IcecaveStudios/archer/test/suite/Icecave/Archer/Travis/TravisConfigManagerTest.php" line="133" assertions="2" time="0.014642"/>
      <testcase name="testSecureEnvironmentCacheExists" class="Icecave\Archer\Travis\TravisConfigManagerTest" file="/home/travis/build/IcecaveStudios/archer/test/suite/Icecave/Archer/Travis/TravisConfigManagerTest.php" line="144" assertions="3" time="0.020534"/>
      <testcase name="testSetSecureEnvironmentCache" class="Icecave\Archer\Travis\TravisConfigManagerTest" file="/home/travis/build/IcecaveStudios/archer/test/suite/Icecave/Archer/Travis/TravisConfigManagerTest.php" line="162" assertions="3" time="0.020829"/>
      <testcase name="testSetSecureEnvironmentCacheSame" class="Icecave\Archer\Travis\TravisConfigManagerTest" file="/home/travis/build/IcecaveStudios/archer/test/suite/Icecave/Archer/Travis/TravisConfigManagerTest.php" line="176" assertions="4" time="0.024565"/>
      <testcase name="testSetSecureEnvironmentCacheDelete" class="Icecave\Archer\Travis\TravisConfigManagerTest" file="/home/travis/build/IcecaveStudios/archer/test/suite/Icecave/Archer/Travis/TravisConfigManagerTest.php" line="196" assertions="4" time="0.026671"/>
      <testcase name="testUpdateConfig" class="Icecave\Archer\Travis\TravisConfigManagerTest" file="/home/travis/build/IcecaveStudios/archer/test/suite/Icecave/Archer/Travis/TravisConfigManagerTest.php" line="215" assertions="6" time="0.042980"/>
      <testcase name="testUpdateConfigWithOAuth" class="Icecave\Archer\Travis\TravisConfigManagerTest" file="/home/travis/build/IcecaveStudios/archer/test/suite/Icecave/Archer/Travis/TravisConfigManagerTest.php" line="238" assertions="6" time="0.054695"/>
      <testcase name="testUpdateConfigPhpVersionConstraint" class="Icecave\Archer\Travis\TravisConfigManagerTest" file="/home/travis/build/IcecaveStudios/archer/test/suite/Icecave/Archer/Travis/TravisConfigManagerTest.php" line="269" assertions="2" time="0.035808"/>
      <testcase name="testUpdateConfigPhpVersionConstraintNoMatches" class="Icecave\Archer\Travis\TravisConfigManagerTest" file="/home/travis/build/IcecaveStudios/archer/test/suite/Icecave/Archer/Travis/TravisConfigManagerTest.php" line="293" assertions="2" time="0.027822"/>
    </testsuite>
  </testsuite>
</testsuites>
